2025-05-31 10:21:54.809 [http-nio-8080-exec-3] DEBUG com.bookstore.bookstore_app.service.BookService - Fetching all books from database
2025-05-31 10:21:54.991 [http-nio-8080-exec-5] DEBUG com.bookstore.bookstore_app.service.VendorService - Fetching vendor profile for user ID: 14
2025-05-31 10:21:55.005 [http-nio-8080-exec-10] DEBUG com.bookstore.bookstore_app.service.CartService - Fetching cart items for User ID: 14
2025-05-31 10:21:55.005 [http-nio-8080-exec-2] DEBUG com.bookstore.bookstore_app.service.AddressService - Fetching addresses for user ID: 14
2025-05-31 10:21:55.007 [http-nio-8080-exec-1] DEBUG com.bookstore.bookstore_app.service.WishlistService - Fetching wishlist for user ID: 14
2025-05-31 10:21:55.017 [http-nio-8080-exec-7] DEBUG com.bookstore.bookstore_app.service.OrderService - Fetching orders for user ID: 14
2025-05-31 10:21:55.311 [http-nio-8080-exec-10] DEBUG com.bookstore.bookstore_app.service.CartService - Found 0 cart items for User ID: 14
2025-05-31 10:21:55.311 [http-nio-8080-exec-2] INFO  com.bookstore.bookstore_app.service.AddressService - Found 0 addresses for user ID: 14
2025-05-31 10:21:55.311 [http-nio-8080-exec-7] INFO  com.bookstore.bookstore_app.service.OrderService - Found 0 orders for user ID: 14
2025-05-31 10:21:55.311 [http-nio-8080-exec-1] INFO  com.bookstore.bookstore_app.service.WishlistService - Found 0 items in wishlist for user ID: 14
2025-05-31 10:21:55.383 [http-nio-8080-exec-3] INFO  com.bookstore.bookstore_app.service.BookService - Retrieved 2 books from database
2025-05-31 10:21:55.537 [http-nio-8080-exec-8] DEBUG com.bookstore.bookstore_app.service.BookService - Fetching all books from database
2025-05-31 10:21:55.543 [http-nio-8080-exec-6] DEBUG com.bookstore.bookstore_app.service.VendorService - Generating dashboard data for vendor user ID: 14
2025-05-31 10:21:55.553 [http-nio-8080-exec-8] INFO  com.bookstore.bookstore_app.service.BookService - Retrieved 2 books from database
2025-05-31 10:21:55.564 [http-nio-8080-exec-4] DEBUG com.bookstore.bookstore_app.service.VendorService - Fetching books for vendor user ID: 14
2025-05-31 10:21:55.590 [http-nio-8080-exec-4] INFO  com.bookstore.bookstore_app.service.VendorService - Retrieved 1 books for vendor: Rupesh Books
2025-05-31 10:21:55.631 [http-nio-8080-exec-6] INFO  com.bookstore.bookstore_app.service.VendorService - Dashboard generated for vendor: Rupesh Books - 1 books, 0 orders
2025-05-31 10:22:23.360 [http-nio-8080-exec-10] INFO  com.bookstore.bookstore_app.service.UserService - Attempting to register user with email: lj@gmail.com
2025-05-31 10:22:23.816 [http-nio-8080-exec-10] INFO  com.bookstore.bookstore_app.service.UserService - User registered successfully with ID: 15 and email: lj@gmail.com
2025-05-31 10:22:39.107 [http-nio-8080-exec-7] INFO  com.bookstore.bookstore_app.service.UserService - Login attempt with role info for email: lj@gmail.com
2025-05-31 10:22:39.353 [http-nio-8080-exec-7] INFO  com.bookstore.bookstore_app.service.UserService - Generating token for user: lj@gmail.com with role: USER and ID: 15
2025-05-31 10:22:39.374 [http-nio-8080-exec-7] INFO  com.bookstore.bookstore_app.service.UserService - Login successful for lj@gmail.com with role: USER
2025-05-31 10:22:39.443 [http-nio-8080-exec-6] DEBUG com.bookstore.bookstore_app.service.WishlistService - Fetching wishlist for user ID: 15
2025-05-31 10:22:39.443 [http-nio-8080-exec-10] DEBUG com.bookstore.bookstore_app.service.CartService - Fetching cart items for User ID: 15
2025-05-31 10:22:39.443 [http-nio-8080-exec-9] DEBUG com.bookstore.bookstore_app.service.AddressService - Fetching addresses for user ID: 15
2025-05-31 10:22:39.447 [http-nio-8080-exec-4] DEBUG com.bookstore.bookstore_app.service.OrderService - Fetching orders for user ID: 15
2025-05-31 10:22:39.448 [http-nio-8080-exec-9] INFO  com.bookstore.bookstore_app.service.AddressService - Found 0 addresses for user ID: 15
2025-05-31 10:22:39.448 [http-nio-8080-exec-10] DEBUG com.bookstore.bookstore_app.service.CartService - Found 0 cart items for User ID: 15
2025-05-31 10:22:39.448 [http-nio-8080-exec-6] INFO  com.bookstore.bookstore_app.service.WishlistService - Found 0 items in wishlist for user ID: 15
2025-05-31 10:22:39.454 [http-nio-8080-exec-4] INFO  com.bookstore.bookstore_app.service.OrderService - Found 0 orders for user ID: 15
