2025-05-29 11:17:17.974 [http-nio-8080-exec-6] DEBUG org.hibernate.SQL - select b1_0.id,b1_0.author,b1_0.created_at,b1_0.description,b1_0.image_url,b1_0.is_approved,b1_0.isbn,b1_0.price,b1_0.rating_avg,b1_0.stock_quantity,b1_0.title,b1_0.total_ratings,b1_0.vendor_id from books b1_0
2025-05-29 11:17:18.014 [http-nio-8080-exec-9] DEBUG org.hibernate.SQL - select u1_0.id,u1_0.created_at,u1_0.email,u1_0.first_name,u1_0.is_verified,u1_0.last_name,u1_0.password,u1_0.phone,u1_0.role from users u1_0 where u1_0.email=?
2025-05-29 11:17:18.143 [http-nio-8080-exec-4] DEBUG org.hibernate.SQL - select b1_0.id,b1_0.author,b1_0.created_at,b1_0.description,b1_0.image_url,b1_0.is_approved,b1_0.isbn,b1_0.price,b1_0.rating_avg,b1_0.stock_quantity,b1_0.title,b1_0.total_ratings,b1_0.vendor_id from books b1_0
2025-05-29 11:17:18.147 [http-nio-8080-exec-7] DEBUG org.hibernate.SQL - select u1_0.id,u1_0.created_at,u1_0.email,u1_0.first_name,u1_0.is_verified,u1_0.last_name,u1_0.password,u1_0.phone,u1_0.role from users u1_0 where u1_0.email=?
2025-05-29 11:17:18.274 [http-nio-8080-exec-2] DEBUG org.hibernate.SQL - select a1_0.id,a1_0.address_line1,a1_0.address_line2,a1_0.city,a1_0.country,a1_0.created_at,a1_0.is_default,a1_0.postal_code,a1_0.state,a1_0.user_id from user_addresses a1_0 left join users u1_0 on u1_0.id=a1_0.user_id where u1_0.id=?
2025-05-29 11:17:18.274 [http-nio-8080-exec-1] DEBUG org.hibernate.SQL - select ci1_0.id,ci1_0.added_at,ci1_0.book_id,ci1_0.quantity,ci1_0.user_id from cart_items ci1_0 left join users u1_0 on u1_0.id=ci1_0.user_id where u1_0.id=?
2025-05-29 11:17:18.275 [http-nio-8080-exec-9] DEBUG org.hibernate.SQL - select w1_0.id,w1_0.added_at,w1_0.book_id,w1_0.user_id from wishlists w1_0 left join users u1_0 on u1_0.id=w1_0.user_id where u1_0.id=?
2025-05-29 11:17:18.276 [http-nio-8080-exec-6] DEBUG org.hibernate.SQL - select o1_0.id,o1_0.created_at,o1_0.order_number,o1_0.shipping_address_id,o1_0.status,o1_0.total_amount,o1_0.user_id from orders o1_0 left join users u1_0 on u1_0.id=o1_0.user_id where u1_0.id=? order by o1_0.created_at desc
2025-05-29 11:17:18.295 [http-nio-8080-exec-9] DEBUG org.hibernate.SQL - select b1_0.id,b1_0.author,b1_0.created_at,b1_0.description,b1_0.image_url,b1_0.is_approved,b1_0.isbn,b1_0.price,b1_0.rating_avg,b1_0.stock_quantity,b1_0.title,b1_0.total_ratings,b1_0.vendor_id from books b1_0 where b1_0.id=?
2025-05-29 11:17:18.295 [http-nio-8080-exec-2] DEBUG org.hibernate.SQL - select u1_0.id,u1_0.created_at,u1_0.email,u1_0.first_name,u1_0.is_verified,u1_0.last_name,u1_0.password,u1_0.phone,u1_0.role from users u1_0 where u1_0.id=?
2025-05-29 11:17:18.297 [http-nio-8080-exec-1] DEBUG org.hibernate.SQL - select b1_0.id,b1_0.author,b1_0.created_at,b1_0.description,b1_0.image_url,b1_0.is_approved,b1_0.isbn,b1_0.price,b1_0.rating_avg,b1_0.stock_quantity,b1_0.title,b1_0.total_ratings,b1_0.vendor_id from books b1_0 where b1_0.id=?
2025-05-29 11:17:18.302 [http-nio-8080-exec-9] DEBUG org.hibernate.SQL - select u1_0.id,u1_0.created_at,u1_0.email,u1_0.first_name,u1_0.is_verified,u1_0.last_name,u1_0.password,u1_0.phone,u1_0.role from users u1_0 where u1_0.id=?
2025-05-29 11:17:18.314 [http-nio-8080-exec-6] DEBUG org.hibernate.SQL - select oi1_0.order_id,oi1_0.id,oi1_0.book_id,oi1_0.quantity,oi1_0.total_price,oi1_0.unit_price from order_items oi1_0 where oi1_0.order_id=?
2025-05-29 11:17:18.326 [http-nio-8080-exec-6] DEBUG org.hibernate.SQL - select b1_0.id,b1_0.author,b1_0.created_at,b1_0.description,b1_0.image_url,b1_0.is_approved,b1_0.isbn,b1_0.price,b1_0.rating_avg,b1_0.stock_quantity,b1_0.title,b1_0.total_ratings,b1_0.vendor_id from books b1_0 where b1_0.id=?
2025-05-29 11:17:18.331 [http-nio-8080-exec-6] DEBUG org.hibernate.SQL - select oi1_0.order_id,oi1_0.id,oi1_0.book_id,oi1_0.quantity,oi1_0.total_price,oi1_0.unit_price from order_items oi1_0 where oi1_0.order_id=?
2025-05-29 11:17:18.337 [http-nio-8080-exec-6] DEBUG org.hibernate.SQL - select b1_0.id,b1_0.author,b1_0.created_at,b1_0.description,b1_0.image_url,b1_0.is_approved,b1_0.isbn,b1_0.price,b1_0.rating_avg,b1_0.stock_quantity,b1_0.title,b1_0.total_ratings,b1_0.vendor_id from books b1_0 where b1_0.id=?
2025-05-29 11:17:18.342 [http-nio-8080-exec-6] DEBUG org.hibernate.SQL - select oi1_0.order_id,oi1_0.id,oi1_0.book_id,oi1_0.quantity,oi1_0.total_price,oi1_0.unit_price from order_items oi1_0 where oi1_0.order_id=?
2025-05-29 11:17:18.345 [http-nio-8080-exec-6] DEBUG org.hibernate.SQL - select oi1_0.order_id,oi1_0.id,oi1_0.book_id,oi1_0.quantity,oi1_0.total_price,oi1_0.unit_price from order_items oi1_0 where oi1_0.order_id=?
2025-05-29 11:17:18.350 [http-nio-8080-exec-6] DEBUG org.hibernate.SQL - select oi1_0.order_id,oi1_0.id,oi1_0.book_id,oi1_0.quantity,oi1_0.total_price,oi1_0.unit_price from order_items oi1_0 where oi1_0.order_id=?
2025-05-29 11:17:18.354 [http-nio-8080-exec-6] DEBUG org.hibernate.SQL - select oi1_0.order_id,oi1_0.id,oi1_0.book_id,oi1_0.quantity,oi1_0.total_price,oi1_0.unit_price from order_items oi1_0 where oi1_0.order_id=?
2025-05-29 11:17:18.358 [http-nio-8080-exec-6] DEBUG org.hibernate.SQL - select oi1_0.order_id,oi1_0.id,oi1_0.book_id,oi1_0.quantity,oi1_0.total_price,oi1_0.unit_price from order_items oi1_0 where oi1_0.order_id=?
2025-05-29 11:17:20.716 [http-nio-8080-exec-10] DEBUG org.hibernate.SQL - select u1_0.id,u1_0.created_at,u1_0.email,u1_0.first_name,u1_0.is_verified,u1_0.last_name,u1_0.password,u1_0.phone,u1_0.role from users u1_0 where u1_0.id=?
2025-05-29 11:17:20.721 [http-nio-8080-exec-10] DEBUG org.hibernate.SQL - select b1_0.id,b1_0.author,b1_0.created_at,b1_0.description,b1_0.image_url,b1_0.is_approved,b1_0.isbn,b1_0.price,b1_0.rating_avg,b1_0.stock_quantity,b1_0.title,b1_0.total_ratings,b1_0.vendor_id from books b1_0 where b1_0.id=?
2025-05-29 11:17:20.729 [http-nio-8080-exec-10] DEBUG org.hibernate.SQL - select ci1_0.id,ci1_0.added_at,ci1_0.book_id,ci1_0.quantity,ci1_0.user_id from cart_items ci1_0 left join users u1_0 on u1_0.id=ci1_0.user_id left join books b1_0 on b1_0.id=ci1_0.book_id where u1_0.id=? and b1_0.id=?
2025-05-29 11:17:20.759 [http-nio-8080-exec-10] DEBUG org.hibernate.SQL - insert into cart_items (added_at,book_id,quantity,user_id) values (?,?,?,?)
2025-05-29 11:17:20.834 [http-nio-8080-exec-2] DEBUG org.hibernate.SQL - select ci1_0.id,ci1_0.added_at,ci1_0.book_id,ci1_0.quantity,ci1_0.user_id from cart_items ci1_0 left join users u1_0 on u1_0.id=ci1_0.user_id where u1_0.id=?
2025-05-29 11:17:20.837 [http-nio-8080-exec-2] DEBUG org.hibernate.SQL - select b1_0.id,b1_0.author,b1_0.created_at,b1_0.description,b1_0.image_url,b1_0.is_approved,b1_0.isbn,b1_0.price,b1_0.rating_avg,b1_0.stock_quantity,b1_0.title,b1_0.total_ratings,b1_0.vendor_id from books b1_0 where b1_0.id=?
2025-05-29 11:17:20.840 [http-nio-8080-exec-2] DEBUG org.hibernate.SQL - select b1_0.id,b1_0.author,b1_0.created_at,b1_0.description,b1_0.image_url,b1_0.is_approved,b1_0.isbn,b1_0.price,b1_0.rating_avg,b1_0.stock_quantity,b1_0.title,b1_0.total_ratings,b1_0.vendor_id from books b1_0 where b1_0.id=?
2025-05-29 11:17:22.377 [http-nio-8080-exec-1] DEBUG org.hibernate.SQL - select ci1_0.id,ci1_0.added_at,ci1_0.book_id,ci1_0.quantity,ci1_0.user_id from cart_items ci1_0 left join users u1_0 on u1_0.id=ci1_0.user_id left join books b1_0 on b1_0.id=ci1_0.book_id where u1_0.id=? and b1_0.id=?
2025-05-29 11:17:22.383 [http-nio-8080-exec-1] DEBUG org.hibernate.SQL - select b1_0.id,b1_0.author,b1_0.created_at,b1_0.description,b1_0.image_url,b1_0.is_approved,b1_0.isbn,b1_0.price,b1_0.rating_avg,b1_0.stock_quantity,b1_0.title,b1_0.total_ratings,b1_0.vendor_id from books b1_0 where b1_0.id=?
2025-05-29 11:17:22.396 [http-nio-8080-exec-1] DEBUG org.hibernate.SQL - update cart_items set added_at=?,book_id=?,quantity=?,user_id=? where id=?
2025-05-29 11:17:22.420 [http-nio-8080-exec-6] DEBUG org.hibernate.SQL - select ci1_0.id,ci1_0.added_at,ci1_0.book_id,ci1_0.quantity,ci1_0.user_id from cart_items ci1_0 left join users u1_0 on u1_0.id=ci1_0.user_id where u1_0.id=?
2025-05-29 11:17:22.428 [http-nio-8080-exec-6] DEBUG org.hibernate.SQL - select b1_0.id,b1_0.author,b1_0.created_at,b1_0.description,b1_0.image_url,b1_0.is_approved,b1_0.isbn,b1_0.price,b1_0.rating_avg,b1_0.stock_quantity,b1_0.title,b1_0.total_ratings,b1_0.vendor_id from books b1_0 where b1_0.id=?
2025-05-29 11:17:22.431 [http-nio-8080-exec-6] DEBUG org.hibernate.SQL - select b1_0.id,b1_0.author,b1_0.created_at,b1_0.description,b1_0.image_url,b1_0.is_approved,b1_0.isbn,b1_0.price,b1_0.rating_avg,b1_0.stock_quantity,b1_0.title,b1_0.total_ratings,b1_0.vendor_id from books b1_0 where b1_0.id=?
2025-05-29 11:17:22.561 [http-nio-8080-exec-4] DEBUG org.hibernate.SQL - select ci1_0.id,ci1_0.added_at,ci1_0.book_id,ci1_0.quantity,ci1_0.user_id from cart_items ci1_0 left join users u1_0 on u1_0.id=ci1_0.user_id left join books b1_0 on b1_0.id=ci1_0.book_id where u1_0.id=? and b1_0.id=?
2025-05-29 11:17:22.564 [http-nio-8080-exec-4] DEBUG org.hibernate.SQL - select b1_0.id,b1_0.author,b1_0.created_at,b1_0.description,b1_0.image_url,b1_0.is_approved,b1_0.isbn,b1_0.price,b1_0.rating_avg,b1_0.stock_quantity,b1_0.title,b1_0.total_ratings,b1_0.vendor_id from books b1_0 where b1_0.id=?
2025-05-29 11:17:22.568 [http-nio-8080-exec-4] DEBUG org.hibernate.SQL - update cart_items set added_at=?,book_id=?,quantity=?,user_id=? where id=?
2025-05-29 11:17:22.585 [http-nio-8080-exec-5] DEBUG org.hibernate.SQL - select ci1_0.id,ci1_0.added_at,ci1_0.book_id,ci1_0.quantity,ci1_0.user_id from cart_items ci1_0 left join users u1_0 on u1_0.id=ci1_0.user_id where u1_0.id=?
2025-05-29 11:17:22.590 [http-nio-8080-exec-5] DEBUG org.hibernate.SQL - select b1_0.id,b1_0.author,b1_0.created_at,b1_0.description,b1_0.image_url,b1_0.is_approved,b1_0.isbn,b1_0.price,b1_0.rating_avg,b1_0.stock_quantity,b1_0.title,b1_0.total_ratings,b1_0.vendor_id from books b1_0 where b1_0.id=?
2025-05-29 11:17:22.593 [http-nio-8080-exec-5] DEBUG org.hibernate.SQL - select b1_0.id,b1_0.author,b1_0.created_at,b1_0.description,b1_0.image_url,b1_0.is_approved,b1_0.isbn,b1_0.price,b1_0.rating_avg,b1_0.stock_quantity,b1_0.title,b1_0.total_ratings,b1_0.vendor_id from books b1_0 where b1_0.id=?
2025-05-29 11:17:22.764 [http-nio-8080-exec-8] DEBUG org.hibernate.SQL - select ci1_0.id,ci1_0.added_at,ci1_0.book_id,ci1_0.quantity,ci1_0.user_id from cart_items ci1_0 left join users u1_0 on u1_0.id=ci1_0.user_id left join books b1_0 on b1_0.id=ci1_0.book_id where u1_0.id=? and b1_0.id=?
2025-05-29 11:17:22.768 [http-nio-8080-exec-8] DEBUG org.hibernate.SQL - select b1_0.id,b1_0.author,b1_0.created_at,b1_0.description,b1_0.image_url,b1_0.is_approved,b1_0.isbn,b1_0.price,b1_0.rating_avg,b1_0.stock_quantity,b1_0.title,b1_0.total_ratings,b1_0.vendor_id from books b1_0 where b1_0.id=?
2025-05-29 11:17:22.772 [http-nio-8080-exec-8] DEBUG org.hibernate.SQL - update cart_items set added_at=?,book_id=?,quantity=?,user_id=? where id=?
2025-05-29 11:17:22.790 [http-nio-8080-exec-10] DEBUG org.hibernate.SQL - select ci1_0.id,ci1_0.added_at,ci1_0.book_id,ci1_0.quantity,ci1_0.user_id from cart_items ci1_0 left join users u1_0 on u1_0.id=ci1_0.user_id where u1_0.id=?
2025-05-29 11:17:22.793 [http-nio-8080-exec-10] DEBUG org.hibernate.SQL - select b1_0.id,b1_0.author,b1_0.created_at,b1_0.description,b1_0.image_url,b1_0.is_approved,b1_0.isbn,b1_0.price,b1_0.rating_avg,b1_0.stock_quantity,b1_0.title,b1_0.total_ratings,b1_0.vendor_id from books b1_0 where b1_0.id=?
2025-05-29 11:17:22.797 [http-nio-8080-exec-10] DEBUG org.hibernate.SQL - select b1_0.id,b1_0.author,b1_0.created_at,b1_0.description,b1_0.image_url,b1_0.is_approved,b1_0.isbn,b1_0.price,b1_0.rating_avg,b1_0.stock_quantity,b1_0.title,b1_0.total_ratings,b1_0.vendor_id from books b1_0 where b1_0.id=?
2025-05-29 11:17:30.109 [http-nio-8080-exec-1] DEBUG org.hibernate.SQL - select ci1_0.id,ci1_0.added_at,ci1_0.book_id,ci1_0.quantity,ci1_0.user_id from cart_items ci1_0 left join users u1_0 on u1_0.id=ci1_0.user_id left join books b1_0 on b1_0.id=ci1_0.book_id where u1_0.id=? and b1_0.id=?
2025-05-29 11:17:30.111 [http-nio-8080-exec-1] DEBUG org.hibernate.SQL - select b1_0.id,b1_0.author,b1_0.created_at,b1_0.description,b1_0.image_url,b1_0.is_approved,b1_0.isbn,b1_0.price,b1_0.rating_avg,b1_0.stock_quantity,b1_0.title,b1_0.total_ratings,b1_0.vendor_id from books b1_0 where b1_0.id=?
2025-05-29 11:17:30.116 [http-nio-8080-exec-1] DEBUG org.hibernate.SQL - update cart_items set added_at=?,book_id=?,quantity=?,user_id=? where id=?
2025-05-29 11:17:30.136 [http-nio-8080-exec-3] DEBUG org.hibernate.SQL - select ci1_0.id,ci1_0.added_at,ci1_0.book_id,ci1_0.quantity,ci1_0.user_id from cart_items ci1_0 left join users u1_0 on u1_0.id=ci1_0.user_id where u1_0.id=?
2025-05-29 11:17:30.140 [http-nio-8080-exec-3] DEBUG org.hibernate.SQL - select b1_0.id,b1_0.author,b1_0.created_at,b1_0.description,b1_0.image_url,b1_0.is_approved,b1_0.isbn,b1_0.price,b1_0.rating_avg,b1_0.stock_quantity,b1_0.title,b1_0.total_ratings,b1_0.vendor_id from books b1_0 where b1_0.id=?
2025-05-29 11:17:30.143 [http-nio-8080-exec-3] DEBUG org.hibernate.SQL - select b1_0.id,b1_0.author,b1_0.created_at,b1_0.description,b1_0.image_url,b1_0.is_approved,b1_0.isbn,b1_0.price,b1_0.rating_avg,b1_0.stock_quantity,b1_0.title,b1_0.total_ratings,b1_0.vendor_id from books b1_0 where b1_0.id=?
2025-05-29 11:17:35.597 [http-nio-8080-exec-10] DEBUG org.hibernate.SQL - select b1_0.id,b1_0.author,b1_0.created_at,b1_0.description,b1_0.image_url,b1_0.is_approved,b1_0.isbn,b1_0.price,b1_0.rating_avg,b1_0.stock_quantity,b1_0.title,b1_0.total_ratings,b1_0.vendor_id from books b1_0 where upper(b1_0.title) like upper(?) escape '\\'
2025-05-29 11:17:35.597 [http-nio-8080-exec-8] DEBUG org.hibernate.SQL - select b1_0.id,b1_0.author,b1_0.created_at,b1_0.description,b1_0.image_url,b1_0.is_approved,b1_0.isbn,b1_0.price,b1_0.rating_avg,b1_0.stock_quantity,b1_0.title,b1_0.total_ratings,b1_0.vendor_id from books b1_0 where upper(b1_0.author) like upper(?) escape '\\'
2025-05-29 11:17:35.723 [http-nio-8080-exec-6] DEBUG org.hibernate.SQL - select b1_0.id,b1_0.author,b1_0.created_at,b1_0.description,b1_0.image_url,b1_0.is_approved,b1_0.isbn,b1_0.price,b1_0.rating_avg,b1_0.stock_quantity,b1_0.title,b1_0.total_ratings,b1_0.vendor_id from books b1_0 where upper(b1_0.title) like upper(?) escape '\\'
2025-05-29 11:17:35.723 [http-nio-8080-exec-1] DEBUG org.hibernate.SQL - select b1_0.id,b1_0.author,b1_0.created_at,b1_0.description,b1_0.image_url,b1_0.is_approved,b1_0.isbn,b1_0.price,b1_0.rating_avg,b1_0.stock_quantity,b1_0.title,b1_0.total_ratings,b1_0.vendor_id from books b1_0 where upper(b1_0.author) like upper(?) escape '\\'
2025-05-29 11:17:35.835 [http-nio-8080-exec-5] DEBUG org.hibernate.SQL - select b1_0.id,b1_0.author,b1_0.created_at,b1_0.description,b1_0.image_url,b1_0.is_approved,b1_0.isbn,b1_0.price,b1_0.rating_avg,b1_0.stock_quantity,b1_0.title,b1_0.total_ratings,b1_0.vendor_id from books b1_0 where upper(b1_0.title) like upper(?) escape '\\'
2025-05-29 11:17:35.835 [http-nio-8080-exec-7] DEBUG org.hibernate.SQL - select b1_0.id,b1_0.author,b1_0.created_at,b1_0.description,b1_0.image_url,b1_0.is_approved,b1_0.isbn,b1_0.price,b1_0.rating_avg,b1_0.stock_quantity,b1_0.title,b1_0.total_ratings,b1_0.vendor_id from books b1_0 where upper(b1_0.author) like upper(?) escape '\\'
2025-05-29 11:17:36.468 [http-nio-8080-exec-10] DEBUG org.hibernate.SQL - select b1_0.id,b1_0.author,b1_0.created_at,b1_0.description,b1_0.image_url,b1_0.is_approved,b1_0.isbn,b1_0.price,b1_0.rating_avg,b1_0.stock_quantity,b1_0.title,b1_0.total_ratings,b1_0.vendor_id from books b1_0 where upper(b1_0.author) like upper(?) escape '\\'
2025-05-29 11:17:36.468 [http-nio-8080-exec-8] DEBUG org.hibernate.SQL - select b1_0.id,b1_0.author,b1_0.created_at,b1_0.description,b1_0.image_url,b1_0.is_approved,b1_0.isbn,b1_0.price,b1_0.rating_avg,b1_0.stock_quantity,b1_0.title,b1_0.total_ratings,b1_0.vendor_id from books b1_0 where upper(b1_0.title) like upper(?) escape '\\'
2025-05-29 11:17:36.639 [http-nio-8080-exec-6] DEBUG org.hibernate.SQL - select b1_0.id,b1_0.author,b1_0.created_at,b1_0.description,b1_0.image_url,b1_0.is_approved,b1_0.isbn,b1_0.price,b1_0.rating_avg,b1_0.stock_quantity,b1_0.title,b1_0.total_ratings,b1_0.vendor_id from books b1_0 where upper(b1_0.author) like upper(?) escape '\\'
2025-05-29 11:17:36.639 [http-nio-8080-exec-1] DEBUG org.hibernate.SQL - select b1_0.id,b1_0.author,b1_0.created_at,b1_0.description,b1_0.image_url,b1_0.is_approved,b1_0.isbn,b1_0.price,b1_0.rating_avg,b1_0.stock_quantity,b1_0.title,b1_0.total_ratings,b1_0.vendor_id from books b1_0 where upper(b1_0.title) like upper(?) escape '\\'
2025-05-29 11:17:37.346 [http-nio-8080-exec-3] DEBUG org.hibernate.SQL - select b1_0.id,b1_0.author,b1_0.created_at,b1_0.description,b1_0.image_url,b1_0.is_approved,b1_0.isbn,b1_0.price,b1_0.rating_avg,b1_0.stock_quantity,b1_0.title,b1_0.total_ratings,b1_0.vendor_id from books b1_0 where upper(b1_0.author) like upper(?) escape '\\'
2025-05-29 11:17:37.346 [http-nio-8080-exec-4] DEBUG org.hibernate.SQL - select b1_0.id,b1_0.author,b1_0.created_at,b1_0.description,b1_0.image_url,b1_0.is_approved,b1_0.isbn,b1_0.price,b1_0.rating_avg,b1_0.stock_quantity,b1_0.title,b1_0.total_ratings,b1_0.vendor_id from books b1_0 where upper(b1_0.title) like upper(?) escape '\\'
2025-05-29 11:17:37.486 [http-nio-8080-exec-5] DEBUG org.hibernate.SQL - select b1_0.id,b1_0.author,b1_0.created_at,b1_0.description,b1_0.image_url,b1_0.is_approved,b1_0.isbn,b1_0.price,b1_0.rating_avg,b1_0.stock_quantity,b1_0.title,b1_0.total_ratings,b1_0.vendor_id from books b1_0 where upper(b1_0.title) like upper(?) escape '\\'
2025-05-29 11:17:37.486 [http-nio-8080-exec-7] DEBUG org.hibernate.SQL - select b1_0.id,b1_0.author,b1_0.created_at,b1_0.description,b1_0.image_url,b1_0.is_approved,b1_0.isbn,b1_0.price,b1_0.rating_avg,b1_0.stock_quantity,b1_0.title,b1_0.total_ratings,b1_0.vendor_id from books b1_0 where upper(b1_0.author) like upper(?) escape '\\'
2025-05-29 11:17:37.612 [http-nio-8080-exec-8] DEBUG org.hibernate.SQL - select b1_0.id,b1_0.author,b1_0.created_at,b1_0.description,b1_0.image_url,b1_0.is_approved,b1_0.isbn,b1_0.price,b1_0.rating_avg,b1_0.stock_quantity,b1_0.title,b1_0.total_ratings,b1_0.vendor_id from books b1_0
2025-05-29 11:17:40.164 [http-nio-8080-exec-4] DEBUG org.hibernate.SQL - select b1_0.id,b1_0.author,b1_0.created_at,b1_0.description,b1_0.image_url,b1_0.is_approved,b1_0.isbn,b1_0.price,b1_0.rating_avg,b1_0.stock_quantity,b1_0.title,b1_0.total_ratings,b1_0.vendor_id from books b1_0 where upper(b1_0.author) like upper(?) escape '\\'
2025-05-29 11:17:40.164 [http-nio-8080-exec-3] DEBUG org.hibernate.SQL - select b1_0.id,b1_0.author,b1_0.created_at,b1_0.description,b1_0.image_url,b1_0.is_approved,b1_0.isbn,b1_0.price,b1_0.rating_avg,b1_0.stock_quantity,b1_0.title,b1_0.total_ratings,b1_0.vendor_id from books b1_0 where upper(b1_0.title) like upper(?) escape '\\'
2025-05-29 11:17:40.380 [http-nio-8080-exec-8] DEBUG org.hibernate.SQL - select b1_0.id,b1_0.author,b1_0.created_at,b1_0.description,b1_0.image_url,b1_0.is_approved,b1_0.isbn,b1_0.price,b1_0.rating_avg,b1_0.stock_quantity,b1_0.title,b1_0.total_ratings,b1_0.vendor_id from books b1_0 where upper(b1_0.author) like upper(?) escape '\\'
2025-05-29 11:17:40.380 [http-nio-8080-exec-10] DEBUG org.hibernate.SQL - select b1_0.id,b1_0.author,b1_0.created_at,b1_0.description,b1_0.image_url,b1_0.is_approved,b1_0.isbn,b1_0.price,b1_0.rating_avg,b1_0.stock_quantity,b1_0.title,b1_0.total_ratings,b1_0.vendor_id from books b1_0 where upper(b1_0.title) like upper(?) escape '\\'
2025-05-29 11:17:40.618 [http-nio-8080-exec-6] DEBUG org.hibernate.SQL - select b1_0.id,b1_0.author,b1_0.created_at,b1_0.description,b1_0.image_url,b1_0.is_approved,b1_0.isbn,b1_0.price,b1_0.rating_avg,b1_0.stock_quantity,b1_0.title,b1_0.total_ratings,b1_0.vendor_id from books b1_0 where upper(b1_0.author) like upper(?) escape '\\'
2025-05-29 11:17:40.619 [http-nio-8080-exec-1] DEBUG org.hibernate.SQL - select b1_0.id,b1_0.author,b1_0.created_at,b1_0.description,b1_0.image_url,b1_0.is_approved,b1_0.isbn,b1_0.price,b1_0.rating_avg,b1_0.stock_quantity,b1_0.title,b1_0.total_ratings,b1_0.vendor_id from books b1_0 where upper(b1_0.title) like upper(?) escape '\\'
2025-05-29 11:17:41.429 [http-nio-8080-exec-7] DEBUG org.hibernate.SQL - select b1_0.id,b1_0.author,b1_0.created_at,b1_0.description,b1_0.image_url,b1_0.is_approved,b1_0.isbn,b1_0.price,b1_0.rating_avg,b1_0.stock_quantity,b1_0.title,b1_0.total_ratings,b1_0.vendor_id from books b1_0 where upper(b1_0.author) like upper(?) escape '\\'
2025-05-29 11:17:41.429 [http-nio-8080-exec-5] DEBUG org.hibernate.SQL - select b1_0.id,b1_0.author,b1_0.created_at,b1_0.description,b1_0.image_url,b1_0.is_approved,b1_0.isbn,b1_0.price,b1_0.rating_avg,b1_0.stock_quantity,b1_0.title,b1_0.total_ratings,b1_0.vendor_id from books b1_0 where upper(b1_0.title) like upper(?) escape '\\'
2025-05-29 11:17:41.565 [http-nio-8080-exec-2] DEBUG org.hibernate.SQL - select b1_0.id,b1_0.author,b1_0.created_at,b1_0.description,b1_0.image_url,b1_0.is_approved,b1_0.isbn,b1_0.price,b1_0.rating_avg,b1_0.stock_quantity,b1_0.title,b1_0.total_ratings,b1_0.vendor_id from books b1_0 where upper(b1_0.author) like upper(?) escape '\\'
2025-05-29 11:17:41.565 [http-nio-8080-exec-9] DEBUG org.hibernate.SQL - select b1_0.id,b1_0.author,b1_0.created_at,b1_0.description,b1_0.image_url,b1_0.is_approved,b1_0.isbn,b1_0.price,b1_0.rating_avg,b1_0.stock_quantity,b1_0.title,b1_0.total_ratings,b1_0.vendor_id from books b1_0 where upper(b1_0.title) like upper(?) escape '\\'
2025-05-29 11:17:44.397 [http-nio-8080-exec-6] DEBUG org.hibernate.SQL - select b1_0.id,b1_0.author,b1_0.created_at,b1_0.description,b1_0.image_url,b1_0.is_approved,b1_0.isbn,b1_0.price,b1_0.rating_avg,b1_0.stock_quantity,b1_0.title,b1_0.total_ratings,b1_0.vendor_id from books b1_0
2025-05-29 11:17:52.554 [http-nio-8080-exec-8] DEBUG org.hibernate.SQL - select b1_0.id,b1_0.author,b1_0.created_at,b1_0.description,b1_0.image_url,b1_0.is_approved,b1_0.isbn,b1_0.price,b1_0.rating_avg,b1_0.stock_quantity,b1_0.title,b1_0.total_ratings,b1_0.vendor_id from books b1_0 where upper(b1_0.author) like upper(?) escape '\\'
2025-05-29 11:17:52.554 [http-nio-8080-exec-10] DEBUG org.hibernate.SQL - select b1_0.id,b1_0.author,b1_0.created_at,b1_0.description,b1_0.image_url,b1_0.is_approved,b1_0.isbn,b1_0.price,b1_0.rating_avg,b1_0.stock_quantity,b1_0.title,b1_0.total_ratings,b1_0.vendor_id from books b1_0 where upper(b1_0.title) like upper(?) escape '\\'
2025-05-29 11:17:52.743 [http-nio-8080-exec-6] DEBUG org.hibernate.SQL - select b1_0.id,b1_0.author,b1_0.created_at,b1_0.description,b1_0.image_url,b1_0.is_approved,b1_0.isbn,b1_0.price,b1_0.rating_avg,b1_0.stock_quantity,b1_0.title,b1_0.total_ratings,b1_0.vendor_id from books b1_0 where upper(b1_0.title) like upper(?) escape '\\'
2025-05-29 11:17:52.743 [http-nio-8080-exec-1] DEBUG org.hibernate.SQL - select b1_0.id,b1_0.author,b1_0.created_at,b1_0.description,b1_0.image_url,b1_0.is_approved,b1_0.isbn,b1_0.price,b1_0.rating_avg,b1_0.stock_quantity,b1_0.title,b1_0.total_ratings,b1_0.vendor_id from books b1_0 where upper(b1_0.author) like upper(?) escape '\\'
2025-05-29 11:17:53.045 [http-nio-8080-exec-7] DEBUG org.hibernate.SQL - select b1_0.id,b1_0.author,b1_0.created_at,b1_0.description,b1_0.image_url,b1_0.is_approved,b1_0.isbn,b1_0.price,b1_0.rating_avg,b1_0.stock_quantity,b1_0.title,b1_0.total_ratings,b1_0.vendor_id from books b1_0 where upper(b1_0.title) like upper(?) escape '\\'
2025-05-29 11:17:53.045 [http-nio-8080-exec-5] DEBUG org.hibernate.SQL - select b1_0.id,b1_0.author,b1_0.created_at,b1_0.description,b1_0.image_url,b1_0.is_approved,b1_0.isbn,b1_0.price,b1_0.rating_avg,b1_0.stock_quantity,b1_0.title,b1_0.total_ratings,b1_0.vendor_id from books b1_0 where upper(b1_0.author) like upper(?) escape '\\'
2025-05-29 11:17:53.202 [http-nio-8080-exec-9] DEBUG org.hibernate.SQL - select b1_0.id,b1_0.author,b1_0.created_at,b1_0.description,b1_0.image_url,b1_0.is_approved,b1_0.isbn,b1_0.price,b1_0.rating_avg,b1_0.stock_quantity,b1_0.title,b1_0.total_ratings,b1_0.vendor_id from books b1_0 where upper(b1_0.author) like upper(?) escape '\\'
2025-05-29 11:17:53.202 [http-nio-8080-exec-2] DEBUG org.hibernate.SQL - select b1_0.id,b1_0.author,b1_0.created_at,b1_0.description,b1_0.image_url,b1_0.is_approved,b1_0.isbn,b1_0.price,b1_0.rating_avg,b1_0.stock_quantity,b1_0.title,b1_0.total_ratings,b1_0.vendor_id from books b1_0 where upper(b1_0.title) like upper(?) escape '\\'
2025-05-29 11:17:53.549 [http-nio-8080-exec-1] DEBUG org.hibernate.SQL - select b1_0.id,b1_0.author,b1_0.created_at,b1_0.description,b1_0.image_url,b1_0.is_approved,b1_0.isbn,b1_0.price,b1_0.rating_avg,b1_0.stock_quantity,b1_0.title,b1_0.total_ratings,b1_0.vendor_id from books b1_0 where upper(b1_0.title) like upper(?) escape '\\'
2025-05-29 11:17:53.549 [http-nio-8080-exec-6] DEBUG org.hibernate.SQL - select b1_0.id,b1_0.author,b1_0.created_at,b1_0.description,b1_0.image_url,b1_0.is_approved,b1_0.isbn,b1_0.price,b1_0.rating_avg,b1_0.stock_quantity,b1_0.title,b1_0.total_ratings,b1_0.vendor_id from books b1_0 where upper(b1_0.author) like upper(?) escape '\\'
2025-05-29 11:17:53.778 [http-nio-8080-exec-7] DEBUG org.hibernate.SQL - select b1_0.id,b1_0.author,b1_0.created_at,b1_0.description,b1_0.image_url,b1_0.is_approved,b1_0.isbn,b1_0.price,b1_0.rating_avg,b1_0.stock_quantity,b1_0.title,b1_0.total_ratings,b1_0.vendor_id from books b1_0 where upper(b1_0.title) like upper(?) escape '\\'
2025-05-29 11:17:53.778 [http-nio-8080-exec-5] DEBUG org.hibernate.SQL - select b1_0.id,b1_0.author,b1_0.created_at,b1_0.description,b1_0.image_url,b1_0.is_approved,b1_0.isbn,b1_0.price,b1_0.rating_avg,b1_0.stock_quantity,b1_0.title,b1_0.total_ratings,b1_0.vendor_id from books b1_0 where upper(b1_0.author) like upper(?) escape '\\'
2025-05-29 11:17:56.276 [http-nio-8080-exec-2] DEBUG org.hibernate.SQL - select b1_0.id,b1_0.author,b1_0.created_at,b1_0.description,b1_0.image_url,b1_0.is_approved,b1_0.isbn,b1_0.price,b1_0.rating_avg,b1_0.stock_quantity,b1_0.title,b1_0.total_ratings,b1_0.vendor_id from books b1_0 where upper(b1_0.title) like upper(?) escape '\\'
2025-05-29 11:17:56.276 [http-nio-8080-exec-9] DEBUG org.hibernate.SQL - select b1_0.id,b1_0.author,b1_0.created_at,b1_0.description,b1_0.image_url,b1_0.is_approved,b1_0.isbn,b1_0.price,b1_0.rating_avg,b1_0.stock_quantity,b1_0.title,b1_0.total_ratings,b1_0.vendor_id from books b1_0 where upper(b1_0.author) like upper(?) escape '\\'
2025-05-29 11:17:56.778 [http-nio-8080-exec-6] DEBUG org.hibernate.SQL - select b1_0.id,b1_0.author,b1_0.created_at,b1_0.description,b1_0.image_url,b1_0.is_approved,b1_0.isbn,b1_0.price,b1_0.rating_avg,b1_0.stock_quantity,b1_0.title,b1_0.total_ratings,b1_0.vendor_id from books b1_0 where upper(b1_0.author) like upper(?) escape '\\'
2025-05-29 11:17:56.778 [http-nio-8080-exec-1] DEBUG org.hibernate.SQL - select b1_0.id,b1_0.author,b1_0.created_at,b1_0.description,b1_0.image_url,b1_0.is_approved,b1_0.isbn,b1_0.price,b1_0.rating_avg,b1_0.stock_quantity,b1_0.title,b1_0.total_ratings,b1_0.vendor_id from books b1_0 where upper(b1_0.title) like upper(?) escape '\\'
2025-05-29 11:17:56.810 [http-nio-8080-exec-3] DEBUG org.hibernate.SQL - select b1_0.id,b1_0.author,b1_0.created_at,b1_0.description,b1_0.image_url,b1_0.is_approved,b1_0.isbn,b1_0.price,b1_0.rating_avg,b1_0.stock_quantity,b1_0.title,b1_0.total_ratings,b1_0.vendor_id from books b1_0 where upper(b1_0.title) like upper(?) escape '\\'
2025-05-29 11:17:56.810 [http-nio-8080-exec-4] DEBUG org.hibernate.SQL - select b1_0.id,b1_0.author,b1_0.created_at,b1_0.description,b1_0.image_url,b1_0.is_approved,b1_0.isbn,b1_0.price,b1_0.rating_avg,b1_0.stock_quantity,b1_0.title,b1_0.total_ratings,b1_0.vendor_id from books b1_0 where upper(b1_0.author) like upper(?) escape '\\'
2025-05-29 11:17:56.861 [http-nio-8080-exec-5] DEBUG org.hibernate.SQL - select b1_0.id,b1_0.author,b1_0.created_at,b1_0.description,b1_0.image_url,b1_0.is_approved,b1_0.isbn,b1_0.price,b1_0.rating_avg,b1_0.stock_quantity,b1_0.title,b1_0.total_ratings,b1_0.vendor_id from books b1_0
2025-05-29 11:18:09.664 [http-nio-8080-exec-2] DEBUG org.hibernate.SQL - select u1_0.id,u1_0.created_at,u1_0.email,u1_0.first_name,u1_0.is_verified,u1_0.last_name,u1_0.password,u1_0.phone,u1_0.role from users u1_0 where u1_0.id=?
2025-05-29 11:18:09.668 [http-nio-8080-exec-2] DEBUG org.hibernate.SQL - select a1_0.id,a1_0.address_line1,a1_0.address_line2,a1_0.city,a1_0.country,a1_0.created_at,a1_0.is_default,a1_0.postal_code,a1_0.state,a1_0.user_id,u1_0.id,u1_0.created_at,u1_0.email,u1_0.first_name,u1_0.is_verified,u1_0.last_name,u1_0.password,u1_0.phone,u1_0.role from user_addresses a1_0 join users u1_0 on u1_0.id=a1_0.user_id where a1_0.id=?
2025-05-29 11:18:09.676 [http-nio-8080-exec-2] DEBUG org.hibernate.SQL - select ci1_0.id,ci1_0.added_at,ci1_0.book_id,ci1_0.quantity,ci1_0.user_id from cart_items ci1_0 left join users u1_0 on u1_0.id=ci1_0.user_id where u1_0.id=?
2025-05-29 11:18:09.683 [http-nio-8080-exec-2] DEBUG org.hibernate.SQL - select ci1_0.id,ci1_0.added_at,ci1_0.book_id,ci1_0.quantity,ci1_0.user_id from cart_items ci1_0 left join users u1_0 on u1_0.id=ci1_0.user_id where u1_0.id=?
2025-05-29 11:18:09.686 [http-nio-8080-exec-2] DEBUG org.hibernate.SQL - select b1_0.id,b1_0.author,b1_0.created_at,b1_0.description,b1_0.image_url,b1_0.is_approved,b1_0.isbn,b1_0.price,b1_0.rating_avg,b1_0.stock_quantity,b1_0.title,b1_0.total_ratings,b1_0.vendor_id from books b1_0 where b1_0.id=?
2025-05-29 11:18:09.690 [http-nio-8080-exec-2] DEBUG org.hibernate.SQL - select b1_0.id,b1_0.author,b1_0.created_at,b1_0.description,b1_0.image_url,b1_0.is_approved,b1_0.isbn,b1_0.price,b1_0.rating_avg,b1_0.stock_quantity,b1_0.title,b1_0.total_ratings,b1_0.vendor_id from books b1_0 where b1_0.id=?
2025-05-29 11:18:09.695 [http-nio-8080-exec-2] DEBUG org.hibernate.SQL - insert into orders (created_at,order_number,shipping_address_id,status,total_amount,user_id) values (?,?,?,?,?,?)
2025-05-29 11:18:09.728 [http-nio-8080-exec-2] DEBUG org.hibernate.SQL - insert into order_items (book_id,order_id,quantity,total_price,unit_price) values (?,?,?,?,?)
2025-05-29 11:18:09.733 [http-nio-8080-exec-2] DEBUG org.hibernate.SQL - insert into order_items (book_id,order_id,quantity,total_price,unit_price) values (?,?,?,?,?)
2025-05-29 11:18:09.739 [http-nio-8080-exec-2] DEBUG org.hibernate.SQL - delete ci1_0 from cart_items ci1_0 where ci1_0.user_id=?
2025-05-29 11:18:09.772 [http-nio-8080-exec-1] DEBUG org.hibernate.SQL - select o1_0.id,o1_0.created_at,o1_0.order_number,o1_0.shipping_address_id,o1_0.status,o1_0.total_amount,o1_0.user_id from orders o1_0 left join users u1_0 on u1_0.id=o1_0.user_id where u1_0.id=? order by o1_0.created_at desc
2025-05-29 11:18:09.782 [http-nio-8080-exec-1] DEBUG org.hibernate.SQL - select oi1_0.order_id,oi1_0.id,oi1_0.book_id,oi1_0.quantity,oi1_0.total_price,oi1_0.unit_price from order_items oi1_0 where oi1_0.order_id=?
2025-05-29 11:18:09.785 [http-nio-8080-exec-1] DEBUG org.hibernate.SQL - select b1_0.id,b1_0.author,b1_0.created_at,b1_0.description,b1_0.image_url,b1_0.is_approved,b1_0.isbn,b1_0.price,b1_0.rating_avg,b1_0.stock_quantity,b1_0.title,b1_0.total_ratings,b1_0.vendor_id from books b1_0 where b1_0.id=?
2025-05-29 11:18:09.789 [http-nio-8080-exec-1] DEBUG org.hibernate.SQL - select b1_0.id,b1_0.author,b1_0.created_at,b1_0.description,b1_0.image_url,b1_0.is_approved,b1_0.isbn,b1_0.price,b1_0.rating_avg,b1_0.stock_quantity,b1_0.title,b1_0.total_ratings,b1_0.vendor_id from books b1_0 where b1_0.id=?
2025-05-29 11:18:09.791 [http-nio-8080-exec-1] DEBUG org.hibernate.SQL - select oi1_0.order_id,oi1_0.id,oi1_0.book_id,oi1_0.quantity,oi1_0.total_price,oi1_0.unit_price from order_items oi1_0 where oi1_0.order_id=?
2025-05-29 11:18:09.794 [http-nio-8080-exec-1] DEBUG org.hibernate.SQL - select oi1_0.order_id,oi1_0.id,oi1_0.book_id,oi1_0.quantity,oi1_0.total_price,oi1_0.unit_price from order_items oi1_0 where oi1_0.order_id=?
2025-05-29 11:18:09.797 [http-nio-8080-exec-1] DEBUG org.hibernate.SQL - select oi1_0.order_id,oi1_0.id,oi1_0.book_id,oi1_0.quantity,oi1_0.total_price,oi1_0.unit_price from order_items oi1_0 where oi1_0.order_id=?
2025-05-29 11:18:09.799 [http-nio-8080-exec-1] DEBUG org.hibernate.SQL - select oi1_0.order_id,oi1_0.id,oi1_0.book_id,oi1_0.quantity,oi1_0.total_price,oi1_0.unit_price from order_items oi1_0 where oi1_0.order_id=?
2025-05-29 11:18:09.802 [http-nio-8080-exec-1] DEBUG org.hibernate.SQL - select oi1_0.order_id,oi1_0.id,oi1_0.book_id,oi1_0.quantity,oi1_0.total_price,oi1_0.unit_price from order_items oi1_0 where oi1_0.order_id=?
2025-05-29 11:18:09.806 [http-nio-8080-exec-1] DEBUG org.hibernate.SQL - select oi1_0.order_id,oi1_0.id,oi1_0.book_id,oi1_0.quantity,oi1_0.total_price,oi1_0.unit_price from order_items oi1_0 where oi1_0.order_id=?
2025-05-29 11:18:09.809 [http-nio-8080-exec-1] DEBUG org.hibernate.SQL - select oi1_0.order_id,oi1_0.id,oi1_0.book_id,oi1_0.quantity,oi1_0.total_price,oi1_0.unit_price from order_items oi1_0 where oi1_0.order_id=?
2025-05-29 11:18:09.826 [http-nio-8080-exec-4] DEBUG org.hibernate.SQL - select ci1_0.id,ci1_0.added_at,ci1_0.book_id,ci1_0.quantity,ci1_0.user_id from cart_items ci1_0 left join users u1_0 on u1_0.id=ci1_0.user_id where u1_0.id=?
2025-05-29 12:07:35.817 [main] DEBUG org.hibernate.SQL - alter table books drop foreign key FK2aiaarrh3f3llh3bpackakohj
2025-05-29 14:18:33.702 [http-nio-8080-exec-4] DEBUG org.hibernate.SQL - select u1_0.id from users u1_0 where u1_0.email=? limit ?
2025-05-29 14:19:13.867 [http-nio-8080-exec-2] DEBUG org.hibernate.SQL - select u1_0.id from users u1_0 where u1_0.email=? limit ?
2025-05-29 14:19:14.220 [http-nio-8080-exec-2] DEBUG org.hibernate.SQL - insert into users (created_at,email,first_name,is_verified,last_name,password,phone,role) values (?,?,?,?,?,?,?,?)
2025-05-29 14:19:26.307 [http-nio-8080-exec-5] DEBUG org.hibernate.SQL - select u1_0.id,u1_0.created_at,u1_0.email,u1_0.first_name,u1_0.is_verified,u1_0.last_name,u1_0.password,u1_0.phone,u1_0.role from users u1_0 where u1_0.email=?
2025-05-29 14:21:20.147 [http-nio-8080-exec-10] DEBUG org.hibernate.SQL - select u1_0.id from users u1_0 where u1_0.email=? limit ?
2025-05-29 14:21:20.295 [http-nio-8080-exec-10] DEBUG org.hibernate.SQL - insert into users (created_at,email,first_name,is_verified,last_name,password,phone,role) values (?,?,?,?,?,?,?,?)
2025-05-29 14:21:49.859 [http-nio-8080-exec-1] DEBUG org.hibernate.SQL - select u1_0.id,u1_0.created_at,u1_0.email,u1_0.first_name,u1_0.is_verified,u1_0.last_name,u1_0.password,u1_0.phone,u1_0.role from users u1_0 where u1_0.email=?
2025-05-29 14:24:05.477 [http-nio-8080-exec-6] DEBUG org.hibernate.SQL - select u1_0.id,u1_0.created_at,u1_0.email,u1_0.first_name,u1_0.is_verified,u1_0.last_name,u1_0.password,u1_0.phone,u1_0.role from users u1_0 where u1_0.email=?
2025-05-29 14:41:07.811 [http-nio-8080-exec-3] DEBUG org.hibernate.SQL - select u1_0.id from users u1_0 where u1_0.email=? limit ?
2025-05-29 14:41:08.093 [http-nio-8080-exec-3] DEBUG org.hibernate.SQL - insert into users (created_at,email,first_name,is_verified,last_name,password,phone,role) values (?,?,?,?,?,?,?,?)
2025-05-29 14:41:36.157 [http-nio-8080-exec-2] DEBUG org.hibernate.SQL - select u1_0.id,u1_0.created_at,u1_0.email,u1_0.first_name,u1_0.is_verified,u1_0.last_name,u1_0.password,u1_0.phone,u1_0.role from users u1_0 where u1_0.email=?
2025-05-29 14:44:38.206 [http-nio-8080-exec-1] DEBUG org.hibernate.SQL - select b1_0.id,b1_0.author,b1_0.created_at,b1_0.description,b1_0.image_url,b1_0.is_approved,b1_0.isbn,b1_0.price,b1_0.rating_avg,b1_0.stock_quantity,b1_0.title,b1_0.total_ratings,b1_0.vendor_id from books b1_0
2025-05-29 14:54:12.774 [http-nio-8080-exec-2] DEBUG org.hibernate.SQL - select u1_0.id,u1_0.created_at,u1_0.email,u1_0.first_name,u1_0.is_verified,u1_0.last_name,u1_0.password,u1_0.phone,u1_0.role from users u1_0 where u1_0.email=?
2025-05-29 14:58:36.484 [http-nio-8080-exec-1] DEBUG org.hibernate.SQL - select u1_0.id,u1_0.created_at,u1_0.email,u1_0.first_name,u1_0.is_verified,u1_0.last_name,u1_0.password,u1_0.phone,u1_0.role from users u1_0 where u1_0.email=?
2025-05-29 15:00:33.114 [http-nio-8080-exec-2] DEBUG org.hibernate.SQL - select u1_0.id,u1_0.created_at,u1_0.email,u1_0.first_name,u1_0.is_verified,u1_0.last_name,u1_0.password,u1_0.phone,u1_0.role from users u1_0 where u1_0.email=?
2025-05-29 15:10:28.245 [http-nio-8080-exec-4] DEBUG org.hibernate.SQL - select u1_0.id,u1_0.created_at,u1_0.email,u1_0.first_name,u1_0.is_verified,u1_0.last_name,u1_0.password,u1_0.phone,u1_0.role from users u1_0 where u1_0.id=?
2025-05-29 15:10:28.305 [http-nio-8080-exec-4] DEBUG org.hibernate.SQL - select b1_0.id,b1_0.author,b1_0.created_at,b1_0.description,b1_0.image_url,b1_0.is_approved,b1_0.isbn,b1_0.price,b1_0.rating_avg,b1_0.stock_quantity,b1_0.title,b1_0.total_ratings,b1_0.vendor_id from books b1_0 where b1_0.id=?
2025-05-29 15:10:28.373 [http-nio-8080-exec-4] DEBUG org.hibernate.SQL - select ci1_0.id,ci1_0.added_at,ci1_0.book_id,ci1_0.quantity,ci1_0.user_id from cart_items ci1_0 left join users u1_0 on u1_0.id=ci1_0.user_id left join books b1_0 on b1_0.id=ci1_0.book_id where u1_0.id=? and b1_0.id=?
2025-05-29 15:10:28.520 [http-nio-8080-exec-4] DEBUG org.hibernate.SQL - insert into cart_items (added_at,book_id,quantity,user_id) values (?,?,?,?)
2025-05-29 15:11:20.258 [http-nio-8080-exec-6] DEBUG org.hibernate.SQL - select ci1_0.id,ci1_0.added_at,ci1_0.book_id,ci1_0.quantity,ci1_0.user_id from cart_items ci1_0 left join users u1_0 on u1_0.id=ci1_0.user_id where u1_0.id=?
2025-05-29 15:11:20.282 [http-nio-8080-exec-6] DEBUG org.hibernate.SQL - select b1_0.id,b1_0.author,b1_0.created_at,b1_0.description,b1_0.image_url,b1_0.is_approved,b1_0.isbn,b1_0.price,b1_0.rating_avg,b1_0.stock_quantity,b1_0.title,b1_0.total_ratings,b1_0.vendor_id from books b1_0 where b1_0.id=?
2025-05-29 15:12:02.222 [http-nio-8080-exec-1] DEBUG org.hibernate.SQL - select b1_0.id,b1_0.author,b1_0.created_at,b1_0.description,b1_0.image_url,b1_0.is_approved,b1_0.isbn,b1_0.price,b1_0.rating_avg,b1_0.stock_quantity,b1_0.title,b1_0.total_ratings,b1_0.vendor_id from books b1_0
2025-05-29 15:13:10.043 [http-nio-8080-exec-4] DEBUG org.hibernate.SQL - select b1_0.id,b1_0.author,b1_0.created_at,b1_0.description,b1_0.image_url,b1_0.is_approved,b1_0.isbn,b1_0.price,b1_0.rating_avg,b1_0.stock_quantity,b1_0.title,b1_0.total_ratings,b1_0.vendor_id from books b1_0 where upper(b1_0.title) like upper(?) escape '\\'
2025-05-29 15:14:01.762 [http-nio-8080-exec-3] DEBUG org.hibernate.SQL - select count(*) from books b1_0
2025-05-29 15:14:01.781 [http-nio-8080-exec-3] DEBUG org.hibernate.SQL - select b1_0.id,b1_0.author,b1_0.created_at,b1_0.description,b1_0.image_url,b1_0.is_approved,b1_0.isbn,b1_0.price,b1_0.rating_avg,b1_0.stock_quantity,b1_0.title,b1_0.total_ratings,b1_0.vendor_id from books b1_0 where b1_0.is_approved
2025-05-29 15:14:01.790 [http-nio-8080-exec-3] DEBUG org.hibernate.SQL - select b1_0.id,b1_0.author,b1_0.created_at,b1_0.description,b1_0.image_url,b1_0.is_approved,b1_0.isbn,b1_0.price,b1_0.rating_avg,b1_0.stock_quantity,b1_0.title,b1_0.total_ratings,b1_0.vendor_id from books b1_0 where not(b1_0.is_approved)
2025-05-29 15:14:01.802 [http-nio-8080-exec-3] DEBUG org.hibernate.SQL - select count(*) from vendors v1_0
2025-05-29 15:14:01.820 [http-nio-8080-exec-3] DEBUG org.hibernate.SQL - select v1_0.id,v1_0.business_email,v1_0.business_name,v1_0.business_phone,v1_0.created_at,v1_0.is_approved,v1_0.user_id from vendors v1_0 where v1_0.is_approved
2025-05-29 15:14:01.833 [http-nio-8080-exec-3] DEBUG org.hibernate.SQL - select v1_0.id,v1_0.business_email,v1_0.business_name,v1_0.business_phone,v1_0.created_at,v1_0.is_approved,v1_0.user_id from vendors v1_0 where not(v1_0.is_approved)
2025-05-29 15:14:01.844 [http-nio-8080-exec-3] DEBUG org.hibernate.SQL - select count(*) from reviews r1_0
2025-05-29 15:14:01.863 [http-nio-8080-exec-3] DEBUG org.hibernate.SQL - select r1_0.id,r1_0.book_id,r1_0.created_at,r1_0.is_approved,r1_0.rating,r1_0.review_text,r1_0.user_id from reviews r1_0 where r1_0.is_approved
2025-05-29 15:14:01.873 [http-nio-8080-exec-3] DEBUG org.hibernate.SQL - select r1_0.id,r1_0.book_id,r1_0.created_at,r1_0.is_approved,r1_0.rating,r1_0.review_text,r1_0.user_id from reviews r1_0 where not(r1_0.is_approved)
2025-05-29 15:14:01.909 [http-nio-8080-exec-3] DEBUG org.hibernate.SQL - select b1_0.id,b1_0.author,b1_0.created_at,b1_0.description,b1_0.image_url,b1_0.is_approved,b1_0.isbn,b1_0.price,b1_0.rating_avg,b1_0.stock_quantity,b1_0.title,b1_0.total_ratings,b1_0.vendor_id from books b1_0 order by b1_0.created_at desc limit ?
2025-05-29 15:14:51.218 [http-nio-8080-exec-6] DEBUG org.hibernate.SQL - select b1_0.id,b1_0.author,b1_0.created_at,b1_0.description,b1_0.image_url,b1_0.is_approved,b1_0.isbn,b1_0.price,b1_0.rating_avg,b1_0.stock_quantity,b1_0.title,b1_0.total_ratings,b1_0.vendor_id from books b1_0 where not(b1_0.is_approved)
2025-05-29 15:30:34.945 [http-nio-8080-exec-2] DEBUG org.hibernate.SQL - select u1_0.id,u1_0.created_at,u1_0.email,u1_0.first_name,u1_0.is_verified,u1_0.last_name,u1_0.password,u1_0.phone,u1_0.role from users u1_0 where u1_0.id=?
2025-05-29 15:30:35.219 [http-nio-8080-exec-2] DEBUG org.hibernate.SQL - select v1_0.id,v1_0.business_email,v1_0.business_name,v1_0.business_phone,v1_0.created_at,v1_0.is_approved,v1_0.user_id from vendors v1_0 left join users u1_0 on u1_0.id=v1_0.user_id where u1_0.id=?
2025-05-29 15:30:35.269 [http-nio-8080-exec-2] DEBUG org.hibernate.SQL - insert into vendors (business_email,business_name,business_phone,created_at,is_approved,user_id) values (?,?,?,?,?,?)
2025-05-29 15:33:49.153 [http-nio-8080-exec-7] DEBUG org.hibernate.SQL - select v1_0.id,v1_0.business_email,v1_0.business_name,v1_0.business_phone,v1_0.created_at,v1_0.is_approved,v1_0.user_id from vendors v1_0 where not(v1_0.is_approved)
2025-05-29 15:33:49.188 [http-nio-8080-exec-7] DEBUG org.hibernate.SQL - select u1_0.id,u1_0.created_at,u1_0.email,u1_0.first_name,u1_0.is_verified,u1_0.last_name,u1_0.password,u1_0.phone,u1_0.role from users u1_0 where u1_0.id=?
2025-05-29 15:33:49.234 [http-nio-8080-exec-7] DEBUG org.hibernate.SQL - select b1_0.vendor_id,b1_0.id,b1_0.author,b1_0.created_at,b1_0.description,b1_0.image_url,b1_0.is_approved,b1_0.isbn,b1_0.price,b1_0.rating_avg,b1_0.stock_quantity,b1_0.title,b1_0.total_ratings from books b1_0 where b1_0.vendor_id=?
2025-05-29 15:34:45.507 [http-nio-8080-exec-8] DEBUG org.hibernate.SQL - select v1_0.id,v1_0.business_email,v1_0.business_name,v1_0.business_phone,v1_0.created_at,v1_0.is_approved,v1_0.user_id from vendors v1_0 left join users u1_0 on u1_0.id=v1_0.user_id where u1_0.id=?
2025-05-29 15:34:45.515 [http-nio-8080-exec-8] DEBUG org.hibernate.SQL - select u1_0.id,u1_0.created_at,u1_0.email,u1_0.first_name,u1_0.is_verified,u1_0.last_name,u1_0.password,u1_0.phone,u1_0.role from users u1_0 where u1_0.id=?
2025-05-29 15:34:45.521 [http-nio-8080-exec-8] DEBUG org.hibernate.SQL - select b1_0.vendor_id,b1_0.id,b1_0.author,b1_0.created_at,b1_0.description,b1_0.image_url,b1_0.is_approved,b1_0.isbn,b1_0.price,b1_0.rating_avg,b1_0.stock_quantity,b1_0.title,b1_0.total_ratings from books b1_0 where b1_0.vendor_id=?
2025-05-29 15:35:54.583 [http-nio-8080-exec-2] DEBUG org.hibernate.SQL - select v1_0.id,v1_0.business_email,v1_0.business_name,v1_0.business_phone,v1_0.created_at,v1_0.is_approved,v1_0.user_id from vendors v1_0 left join users u1_0 on u1_0.id=v1_0.user_id where u1_0.id=?
2025-05-29 15:37:46.501 [http-nio-8080-exec-4] DEBUG org.hibernate.SQL - select v1_0.id,v1_0.business_email,v1_0.business_name,v1_0.business_phone,v1_0.created_at,v1_0.is_approved,v1_0.user_id from vendors v1_0 where not(v1_0.is_approved)
2025-05-29 15:37:46.509 [http-nio-8080-exec-4] DEBUG org.hibernate.SQL - select u1_0.id,u1_0.created_at,u1_0.email,u1_0.first_name,u1_0.is_verified,u1_0.last_name,u1_0.password,u1_0.phone,u1_0.role from users u1_0 where u1_0.id=?
2025-05-29 15:37:46.511 [http-nio-8080-exec-4] DEBUG org.hibernate.SQL - select b1_0.vendor_id,b1_0.id,b1_0.author,b1_0.created_at,b1_0.description,b1_0.image_url,b1_0.is_approved,b1_0.isbn,b1_0.price,b1_0.rating_avg,b1_0.stock_quantity,b1_0.title,b1_0.total_ratings from books b1_0 where b1_0.vendor_id=?
2025-05-29 15:38:17.538 [http-nio-8080-exec-5] DEBUG org.hibernate.SQL - select v1_0.id,v1_0.business_email,v1_0.business_name,v1_0.business_phone,v1_0.created_at,v1_0.is_approved,v1_0.user_id from vendors v1_0 left join users u1_0 on u1_0.id=v1_0.user_id where u1_0.id=?
2025-05-29 15:39:21.593 [http-nio-8080-exec-1] DEBUG org.hibernate.SQL - select v1_0.id,v1_0.business_email,v1_0.business_name,v1_0.business_phone,v1_0.created_at,v1_0.is_approved,v1_0.user_id from vendors v1_0 where v1_0.id=?
2025-05-29 15:39:21.627 [http-nio-8080-exec-1] DEBUG org.hibernate.SQL - update vendors set business_email=?,business_name=?,business_phone=?,created_at=?,is_approved=?,user_id=? where id=?
2025-05-29 15:39:21.652 [http-nio-8080-exec-1] DEBUG org.hibernate.SQL - select u1_0.id,u1_0.created_at,u1_0.email,u1_0.first_name,u1_0.is_verified,u1_0.last_name,u1_0.password,u1_0.phone,u1_0.role from users u1_0 where u1_0.id=?
2025-05-29 15:39:21.656 [http-nio-8080-exec-1] DEBUG org.hibernate.SQL - select b1_0.vendor_id,b1_0.id,b1_0.author,b1_0.created_at,b1_0.description,b1_0.image_url,b1_0.is_approved,b1_0.isbn,b1_0.price,b1_0.rating_avg,b1_0.stock_quantity,b1_0.title,b1_0.total_ratings from books b1_0 where b1_0.vendor_id=?
2025-05-29 15:40:11.155 [http-nio-8080-exec-2] DEBUG org.hibernate.SQL - select v1_0.id,v1_0.business_email,v1_0.business_name,v1_0.business_phone,v1_0.created_at,v1_0.is_approved,v1_0.user_id from vendors v1_0 left join users u1_0 on u1_0.id=v1_0.user_id where u1_0.id=?
2025-05-29 15:40:11.165 [http-nio-8080-exec-2] DEBUG org.hibernate.SQL - insert into books (author,created_at,description,image_url,is_approved,isbn,price,rating_avg,stock_quantity,title,total_ratings,vendor_id) values (?,?,?,?,?,?,?,?,?,?,?,?)
2025-05-29 15:40:37.912 [http-nio-8080-exec-3] DEBUG org.hibernate.SQL - select v1_0.id,v1_0.business_email,v1_0.business_name,v1_0.business_phone,v1_0.created_at,v1_0.is_approved,v1_0.user_id from vendors v1_0 left join users u1_0 on u1_0.id=v1_0.user_id where u1_0.id=?
2025-05-29 15:40:37.918 [http-nio-8080-exec-3] DEBUG org.hibernate.SQL - select b1_0.vendor_id,b1_0.id,b1_0.author,b1_0.created_at,b1_0.description,b1_0.image_url,b1_0.is_approved,b1_0.isbn,b1_0.price,b1_0.rating_avg,b1_0.stock_quantity,b1_0.title,b1_0.total_ratings from books b1_0 where b1_0.vendor_id=?
2025-05-29 15:41:52.208 [http-nio-8080-exec-5] DEBUG org.hibernate.SQL - select u1_0.id,u1_0.created_at,u1_0.email,u1_0.first_name,u1_0.is_verified,u1_0.last_name,u1_0.password,u1_0.phone,u1_0.role from users u1_0 where u1_0.id=?
2025-05-29 15:41:52.218 [http-nio-8080-exec-5] DEBUG org.hibernate.SQL - select a1_0.id,a1_0.address_line1,a1_0.address_line2,a1_0.city,a1_0.country,a1_0.created_at,a1_0.is_default,a1_0.postal_code,a1_0.state,a1_0.user_id,u1_0.id,u1_0.created_at,u1_0.email,u1_0.first_name,u1_0.is_verified,u1_0.last_name,u1_0.password,u1_0.phone,u1_0.role from user_addresses a1_0 join users u1_0 on u1_0.id=a1_0.user_id where a1_0.id=?
2025-05-29 15:41:52.327 [http-nio-8080-exec-5] DEBUG org.hibernate.SQL - select ci1_0.id,ci1_0.added_at,ci1_0.book_id,ci1_0.quantity,ci1_0.user_id from cart_items ci1_0 left join users u1_0 on u1_0.id=ci1_0.user_id where u1_0.id=?
2025-05-29 15:41:52.347 [http-nio-8080-exec-5] DEBUG org.hibernate.SQL - select ci1_0.id,ci1_0.added_at,ci1_0.book_id,ci1_0.quantity,ci1_0.user_id from cart_items ci1_0 left join users u1_0 on u1_0.id=ci1_0.user_id where u1_0.id=?
2025-05-29 15:41:52.354 [http-nio-8080-exec-5] DEBUG org.hibernate.SQL - select b1_0.id,b1_0.author,b1_0.created_at,b1_0.description,b1_0.image_url,b1_0.is_approved,b1_0.isbn,b1_0.price,b1_0.rating_avg,b1_0.stock_quantity,b1_0.title,b1_0.total_ratings,b1_0.vendor_id from books b1_0 where b1_0.id=?
2025-05-29 15:41:52.369 [http-nio-8080-exec-5] DEBUG org.hibernate.SQL - insert into orders (created_at,order_number,shipping_address_id,status,total_amount,user_id) values (?,?,?,?,?,?)
2025-05-29 15:41:52.432 [http-nio-8080-exec-5] DEBUG org.hibernate.SQL - insert into order_items (book_id,order_id,quantity,total_price,unit_price) values (?,?,?,?,?)
2025-05-29 15:41:52.481 [http-nio-8080-exec-5] DEBUG org.hibernate.SQL - delete ci1_0 from cart_items ci1_0 where ci1_0.user_id=?
2025-05-29 15:42:12.882 [http-nio-8080-exec-6] DEBUG org.hibernate.SQL - select o1_0.id,o1_0.created_at,o1_0.order_number,o1_0.shipping_address_id,o1_0.status,o1_0.total_amount,o1_0.user_id from orders o1_0 left join users u1_0 on u1_0.id=o1_0.user_id where u1_0.id=? order by o1_0.created_at desc
2025-05-29 15:42:12.893 [http-nio-8080-exec-6] DEBUG org.hibernate.SQL - select oi1_0.order_id,oi1_0.id,oi1_0.book_id,oi1_0.quantity,oi1_0.total_price,oi1_0.unit_price from order_items oi1_0 where oi1_0.order_id=?
2025-05-29 15:42:12.899 [http-nio-8080-exec-6] DEBUG org.hibernate.SQL - select b1_0.id,b1_0.author,b1_0.created_at,b1_0.description,b1_0.image_url,b1_0.is_approved,b1_0.isbn,b1_0.price,b1_0.rating_avg,b1_0.stock_quantity,b1_0.title,b1_0.total_ratings,b1_0.vendor_id from books b1_0 where b1_0.id=?
2025-05-29 15:42:12.918 [http-nio-8080-exec-6] DEBUG org.hibernate.SQL - select oi1_0.order_id,oi1_0.id,oi1_0.book_id,oi1_0.quantity,oi1_0.total_price,oi1_0.unit_price from order_items oi1_0 where oi1_0.order_id=?
2025-05-29 15:42:12.937 [http-nio-8080-exec-6] DEBUG org.hibernate.SQL - select b1_0.id,b1_0.author,b1_0.created_at,b1_0.description,b1_0.image_url,b1_0.is_approved,b1_0.isbn,b1_0.price,b1_0.rating_avg,b1_0.stock_quantity,b1_0.title,b1_0.total_ratings,b1_0.vendor_id from books b1_0 where b1_0.id=?
2025-05-29 15:42:12.942 [http-nio-8080-exec-6] DEBUG org.hibernate.SQL - select oi1_0.order_id,oi1_0.id,oi1_0.book_id,oi1_0.quantity,oi1_0.total_price,oi1_0.unit_price from order_items oi1_0 where oi1_0.order_id=?
2025-05-29 15:42:12.948 [http-nio-8080-exec-6] DEBUG org.hibernate.SQL - select oi1_0.order_id,oi1_0.id,oi1_0.book_id,oi1_0.quantity,oi1_0.total_price,oi1_0.unit_price from order_items oi1_0 where oi1_0.order_id=?
2025-05-29 15:42:12.952 [http-nio-8080-exec-6] DEBUG org.hibernate.SQL - select oi1_0.order_id,oi1_0.id,oi1_0.book_id,oi1_0.quantity,oi1_0.total_price,oi1_0.unit_price from order_items oi1_0 where oi1_0.order_id=?
2025-05-29 15:42:12.959 [http-nio-8080-exec-6] DEBUG org.hibernate.SQL - select oi1_0.order_id,oi1_0.id,oi1_0.book_id,oi1_0.quantity,oi1_0.total_price,oi1_0.unit_price from order_items oi1_0 where oi1_0.order_id=?
2025-05-29 15:42:12.971 [http-nio-8080-exec-6] DEBUG org.hibernate.SQL - select oi1_0.order_id,oi1_0.id,oi1_0.book_id,oi1_0.quantity,oi1_0.total_price,oi1_0.unit_price from order_items oi1_0 where oi1_0.order_id=?
2025-05-29 15:42:12.980 [http-nio-8080-exec-6] DEBUG org.hibernate.SQL - select oi1_0.order_id,oi1_0.id,oi1_0.book_id,oi1_0.quantity,oi1_0.total_price,oi1_0.unit_price from order_items oi1_0 where oi1_0.order_id=?
2025-05-29 15:42:13.005 [http-nio-8080-exec-6] DEBUG org.hibernate.SQL - select oi1_0.order_id,oi1_0.id,oi1_0.book_id,oi1_0.quantity,oi1_0.total_price,oi1_0.unit_price from order_items oi1_0 where oi1_0.order_id=?
2025-05-29 15:42:39.641 [http-nio-8080-exec-9] DEBUG org.hibernate.SQL - select u1_0.id,u1_0.created_at,u1_0.email,u1_0.first_name,u1_0.is_verified,u1_0.last_name,u1_0.password,u1_0.phone,u1_0.role from users u1_0 where u1_0.id=?
2025-05-29 15:42:39.653 [http-nio-8080-exec-9] DEBUG org.hibernate.SQL - select b1_0.id,b1_0.author,b1_0.created_at,b1_0.description,b1_0.image_url,b1_0.is_approved,b1_0.isbn,b1_0.price,b1_0.rating_avg,b1_0.stock_quantity,b1_0.title,b1_0.total_ratings,b1_0.vendor_id from books b1_0 where b1_0.id=?
2025-05-29 15:42:39.670 [http-nio-8080-exec-9] DEBUG org.hibernate.SQL - select w1_0.id,w1_0.added_at,w1_0.book_id,w1_0.user_id from wishlists w1_0 left join users u1_0 on u1_0.id=w1_0.user_id left join books b1_0 on b1_0.id=w1_0.book_id where u1_0.id=? and b1_0.id=?
2025-05-29 15:42:39.704 [http-nio-8080-exec-9] DEBUG org.hibernate.SQL - insert into wishlists (added_at,book_id,user_id) values (?,?,?)
2025-05-29 15:43:04.223 [http-nio-8080-exec-7] DEBUG org.hibernate.SQL - select w1_0.id,w1_0.added_at,w1_0.book_id,w1_0.user_id from wishlists w1_0 left join users u1_0 on u1_0.id=w1_0.user_id where u1_0.id=?
2025-05-29 15:43:04.226 [http-nio-8080-exec-7] DEBUG org.hibernate.SQL - select b1_0.id,b1_0.author,b1_0.created_at,b1_0.description,b1_0.image_url,b1_0.is_approved,b1_0.isbn,b1_0.price,b1_0.rating_avg,b1_0.stock_quantity,b1_0.title,b1_0.total_ratings,b1_0.vendor_id from books b1_0 where b1_0.id=?
2025-05-29 15:43:04.232 [http-nio-8080-exec-7] DEBUG org.hibernate.SQL - select u1_0.id,u1_0.created_at,u1_0.email,u1_0.first_name,u1_0.is_verified,u1_0.last_name,u1_0.password,u1_0.phone,u1_0.role from users u1_0 where u1_0.id=?
2025-05-29 15:43:04.235 [http-nio-8080-exec-7] DEBUG org.hibernate.SQL - select b1_0.id,b1_0.author,b1_0.created_at,b1_0.description,b1_0.image_url,b1_0.is_approved,b1_0.isbn,b1_0.price,b1_0.rating_avg,b1_0.stock_quantity,b1_0.title,b1_0.total_ratings,b1_0.vendor_id from books b1_0 where b1_0.id=?
2025-05-29 15:43:42.106 [http-nio-8080-exec-1] DEBUG org.hibernate.SQL - select u1_0.id,u1_0.created_at,u1_0.email,u1_0.first_name,u1_0.is_verified,u1_0.last_name,u1_0.password,u1_0.phone,u1_0.role from users u1_0 where u1_0.id=?
2025-05-29 15:43:42.121 [http-nio-8080-exec-1] DEBUG org.hibernate.SQL - insert into user_addresses (address_line1,address_line2,city,country,created_at,is_default,postal_code,state,user_id) values (?,?,?,?,?,?,?,?,?)
2025-05-29 15:44:05.042 [http-nio-8080-exec-2] DEBUG org.hibernate.SQL - select a1_0.id,a1_0.address_line1,a1_0.address_line2,a1_0.city,a1_0.country,a1_0.created_at,a1_0.is_default,a1_0.postal_code,a1_0.state,a1_0.user_id from user_addresses a1_0 left join users u1_0 on u1_0.id=a1_0.user_id where u1_0.id=?
2025-05-29 15:44:05.048 [http-nio-8080-exec-2] DEBUG org.hibernate.SQL - select u1_0.id,u1_0.created_at,u1_0.email,u1_0.first_name,u1_0.is_verified,u1_0.last_name,u1_0.password,u1_0.phone,u1_0.role from users u1_0 where u1_0.id=?
2025-05-29 15:44:47.097 [http-nio-8080-exec-3] DEBUG org.hibernate.SQL - select b1_0.id,b1_0.author,b1_0.created_at,b1_0.description,b1_0.image_url,b1_0.is_approved,b1_0.isbn,b1_0.price,b1_0.rating_avg,b1_0.stock_quantity,b1_0.title,b1_0.total_ratings,b1_0.vendor_id from books b1_0 where b1_0.id=?
2025-05-29 15:44:47.120 [http-nio-8080-exec-3] DEBUG org.hibernate.SQL - update books set author=?,created_at=?,description=?,image_url=?,is_approved=?,isbn=?,price=?,rating_avg=?,stock_quantity=?,title=?,total_ratings=?,vendor_id=? where id=?
