2025-05-31 10:31:52.241 [main] DEBUG org.hibernate.SQL - alter table books add column category_id bigint
2025-05-31 10:31:52.280 [main] DEBUG org.hibernate.SQL - create table categories (id bigint not null auto_increment, created_at datetime(6), description varchar(255), is_active bit not null, name varchar(255) not null, primary key (id)) engine=InnoDB
2025-05-31 10:31:52.285 [main] DEBUG org.hibernate.SQL - alter table order_items add column vendor_id bigint
2025-05-31 10:31:52.290 [main] DEBUG org.hibernate.SQL - alter table categories drop index UKt8o6pivur7nn124jehx7cygw5
2025-05-31 10:31:52.686 [main] DEBUG org.hibernate.SQL - alter table categories add constraint UKt8o6pivur7nn124jehx7cygw5 unique (name)
2025-05-31 10:31:52.717 [main] DEBUG org.hibernate.SQL - alter table books add constraint FKleqa3hhc0uhfvurq6mil47xk0 foreign key (category_id) references categories (id)
2025-05-31 10:31:52.759 [main] DEBUG org.hibernate.SQL - alter table order_items add constraint FKh2b04eyamwe2jqedwv3lbrx7f foreign key (vendor_id) references vendors (id)
2025-05-31 10:33:53.583 [http-nio-8080-exec-1] DEBUG org.hibernate.SQL - select b1_0.id,b1_0.author,b1_0.category_id,b1_0.created_at,b1_0.description,b1_0.image_url,b1_0.is_approved,b1_0.isbn,b1_0.price,b1_0.rating_avg,b1_0.stock_quantity,b1_0.title,b1_0.total_ratings,b1_0.vendor_id from books b1_0
2025-05-31 10:33:53.651 [http-nio-8080-exec-2] DEBUG org.hibernate.SQL - select b1_0.id,b1_0.author,b1_0.category_id,b1_0.created_at,b1_0.description,b1_0.image_url,b1_0.is_approved,b1_0.isbn,b1_0.price,b1_0.rating_avg,b1_0.stock_quantity,b1_0.title,b1_0.total_ratings,b1_0.vendor_id from books b1_0
2025-05-31 10:34:22.549 [http-nio-8080-exec-6] DEBUG org.hibernate.SQL - select u1_0.id from users u1_0 where u1_0.email=? limit ?
2025-05-31 10:34:22.700 [http-nio-8080-exec-6] DEBUG org.hibernate.SQL - insert into users (created_at,email,first_name,is_verified,last_name,password,phone,role) values (?,?,?,?,?,?,?,?)
2025-05-31 10:34:41.894 [http-nio-8080-exec-9] DEBUG org.hibernate.SQL - select u1_0.id,u1_0.created_at,u1_0.email,u1_0.first_name,u1_0.is_verified,u1_0.last_name,u1_0.password,u1_0.phone,u1_0.role from users u1_0 where u1_0.email=?
2025-05-31 10:34:42.082 [http-nio-8080-exec-3] DEBUG org.hibernate.SQL - select a1_0.id,a1_0.address_line1,a1_0.address_line2,a1_0.city,a1_0.country,a1_0.created_at,a1_0.is_default,a1_0.postal_code,a1_0.state,a1_0.user_id from user_addresses a1_0 left join users u1_0 on u1_0.id=a1_0.user_id where u1_0.id=?
2025-05-31 10:34:42.082 [http-nio-8080-exec-5] DEBUG org.hibernate.SQL - select ci1_0.id,ci1_0.added_at,ci1_0.book_id,ci1_0.quantity,ci1_0.user_id from cart_items ci1_0 left join users u1_0 on u1_0.id=ci1_0.user_id where u1_0.id=?
2025-05-31 10:34:42.083 [http-nio-8080-exec-1] DEBUG org.hibernate.SQL - select w1_0.id,w1_0.added_at,w1_0.book_id,w1_0.user_id from wishlists w1_0 left join users u1_0 on u1_0.id=w1_0.user_id where u1_0.id=?
2025-05-31 10:34:42.083 [http-nio-8080-exec-6] DEBUG org.hibernate.SQL - select o1_0.id,o1_0.created_at,o1_0.order_number,o1_0.shipping_address_id,o1_0.status,o1_0.total_amount,o1_0.user_id from orders o1_0 left join users u1_0 on u1_0.id=o1_0.user_id where u1_0.id=? order by o1_0.created_at desc
2025-05-31 11:04:04.560 [http-nio-8080-exec-10] DEBUG org.hibernate.SQL - select b1_0.id,b1_0.author,b1_0.category_id,b1_0.created_at,b1_0.description,b1_0.image_url,b1_0.is_approved,b1_0.isbn,b1_0.price,b1_0.rating_avg,b1_0.stock_quantity,b1_0.title,b1_0.total_ratings,b1_0.vendor_id from books b1_0
2025-05-31 11:04:04.560 [http-nio-8080-exec-4] DEBUG org.hibernate.SQL - select w1_0.id,w1_0.added_at,w1_0.book_id,w1_0.user_id from wishlists w1_0 where w1_0.user_id=?
2025-05-31 11:04:04.560 [http-nio-8080-exec-3] DEBUG org.hibernate.SQL - select o1_0.id,o1_0.created_at,o1_0.order_number,o1_0.shipping_address_id,o1_0.status,o1_0.total_amount,o1_0.user_id from orders o1_0 where o1_0.user_id=? order by o1_0.created_at desc
2025-05-31 11:04:04.560 [http-nio-8080-exec-8] DEBUG org.hibernate.SQL - select c1_0.id,c1_0.added_at,c1_0.book_id,c1_0.quantity,c1_0.user_id from cart_items c1_0 where c1_0.user_id=?
2025-05-31 11:04:04.560 [http-nio-8080-exec-7] DEBUG org.hibernate.SQL - select a1_0.id,a1_0.address_line1,a1_0.address_line2,a1_0.city,a1_0.country,a1_0.created_at,a1_0.is_default,a1_0.postal_code,a1_0.state,a1_0.user_id from user_addresses a1_0 where a1_0.user_id=?
2025-05-31 11:04:04.578 [http-nio-8080-exec-1] DEBUG org.hibernate.SQL - select b1_0.id,b1_0.author,b1_0.category_id,b1_0.created_at,b1_0.description,b1_0.image_url,b1_0.is_approved,b1_0.isbn,b1_0.price,b1_0.rating_avg,b1_0.stock_quantity,b1_0.title,b1_0.total_ratings,b1_0.vendor_id from books b1_0
2025-05-31 11:04:34.614 [http-nio-8080-exec-8] DEBUG org.hibernate.SQL - select u1_0.id,u1_0.created_at,u1_0.email,u1_0.first_name,u1_0.is_verified,u1_0.last_name,u1_0.password,u1_0.phone,u1_0.role from users u1_0 where u1_0.email=?
2025-05-31 11:04:34.750 [http-nio-8080-exec-6] DEBUG org.hibernate.SQL - select o1_0.id,o1_0.created_at,o1_0.order_number,o1_0.shipping_address_id,o1_0.status,o1_0.total_amount,o1_0.user_id from orders o1_0 where o1_0.user_id=? order by o1_0.created_at desc
2025-05-31 11:04:34.750 [http-nio-8080-exec-9] DEBUG org.hibernate.SQL - select c1_0.id,c1_0.added_at,c1_0.book_id,c1_0.quantity,c1_0.user_id from cart_items c1_0 where c1_0.user_id=?
2025-05-31 11:04:34.750 [http-nio-8080-exec-3] DEBUG org.hibernate.SQL - select a1_0.id,a1_0.address_line1,a1_0.address_line2,a1_0.city,a1_0.country,a1_0.created_at,a1_0.is_default,a1_0.postal_code,a1_0.state,a1_0.user_id from user_addresses a1_0 where a1_0.user_id=?
2025-05-31 11:04:34.750 [http-nio-8080-exec-7] DEBUG org.hibernate.SQL - select w1_0.id,w1_0.added_at,w1_0.book_id,w1_0.user_id from wishlists w1_0 where w1_0.user_id=?
2025-05-31 11:04:41.172 [http-nio-8080-exec-9] DEBUG org.hibernate.SQL - select b1_0.id,b1_0.author,b1_0.category_id,b1_0.created_at,b1_0.description,b1_0.image_url,b1_0.is_approved,b1_0.isbn,b1_0.price,b1_0.rating_avg,b1_0.stock_quantity,b1_0.title,b1_0.total_ratings,b1_0.vendor_id from books b1_0 where upper(b1_0.title) like upper(?) escape '\\'
2025-05-31 11:04:41.173 [http-nio-8080-exec-3] DEBUG org.hibernate.SQL - select b1_0.id,b1_0.author,b1_0.category_id,b1_0.created_at,b1_0.description,b1_0.image_url,b1_0.is_approved,b1_0.isbn,b1_0.price,b1_0.rating_avg,b1_0.stock_quantity,b1_0.title,b1_0.total_ratings,b1_0.vendor_id from books b1_0 where upper(b1_0.author) like upper(?) escape '\\'
2025-05-31 11:04:41.173 [http-nio-8080-exec-10] DEBUG org.hibernate.SQL - select b1_0.id,b1_0.author,b1_0.category_id,b1_0.created_at,b1_0.description,b1_0.image_url,b1_0.is_approved,b1_0.isbn,b1_0.price,b1_0.rating_avg,b1_0.stock_quantity,b1_0.title,b1_0.total_ratings,b1_0.vendor_id from books b1_0 where upper(b1_0.title) like upper(?) escape '\\'
2025-05-31 11:04:41.173 [http-nio-8080-exec-6] DEBUG org.hibernate.SQL - select b1_0.id,b1_0.author,b1_0.category_id,b1_0.created_at,b1_0.description,b1_0.image_url,b1_0.is_approved,b1_0.isbn,b1_0.price,b1_0.rating_avg,b1_0.stock_quantity,b1_0.title,b1_0.total_ratings,b1_0.vendor_id from books b1_0 where upper(b1_0.author) like upper(?) escape '\\'
2025-05-31 11:04:41.173 [http-nio-8080-exec-4] DEBUG org.hibernate.SQL - select b1_0.id,b1_0.author,b1_0.category_id,b1_0.created_at,b1_0.description,b1_0.image_url,b1_0.is_approved,b1_0.isbn,b1_0.price,b1_0.rating_avg,b1_0.stock_quantity,b1_0.title,b1_0.total_ratings,b1_0.vendor_id from books b1_0 where upper(b1_0.title) like upper(?) escape '\\'
2025-05-31 11:04:41.173 [http-nio-8080-exec-8] DEBUG org.hibernate.SQL - select b1_0.id,b1_0.author,b1_0.category_id,b1_0.created_at,b1_0.description,b1_0.image_url,b1_0.is_approved,b1_0.isbn,b1_0.price,b1_0.rating_avg,b1_0.stock_quantity,b1_0.title,b1_0.total_ratings,b1_0.vendor_id from books b1_0 where upper(b1_0.author) like upper(?) escape '\\'
2025-05-31 11:04:41.229 [http-nio-8080-exec-2] DEBUG org.hibernate.SQL - select b1_0.id,b1_0.author,b1_0.category_id,b1_0.created_at,b1_0.description,b1_0.image_url,b1_0.is_approved,b1_0.isbn,b1_0.price,b1_0.rating_avg,b1_0.stock_quantity,b1_0.title,b1_0.total_ratings,b1_0.vendor_id from books b1_0 where upper(b1_0.author) like upper(?) escape '\\'
2025-05-31 11:04:41.229 [http-nio-8080-exec-7] DEBUG org.hibernate.SQL - select b1_0.id,b1_0.author,b1_0.category_id,b1_0.created_at,b1_0.description,b1_0.image_url,b1_0.is_approved,b1_0.isbn,b1_0.price,b1_0.rating_avg,b1_0.stock_quantity,b1_0.title,b1_0.total_ratings,b1_0.vendor_id from books b1_0 where upper(b1_0.title) like upper(?) escape '\\'
2025-05-31 11:04:41.275 [http-nio-8080-exec-10] DEBUG org.hibernate.SQL - select b1_0.id,b1_0.author,b1_0.category_id,b1_0.created_at,b1_0.description,b1_0.image_url,b1_0.is_approved,b1_0.isbn,b1_0.price,b1_0.rating_avg,b1_0.stock_quantity,b1_0.title,b1_0.total_ratings,b1_0.vendor_id from books b1_0 where upper(b1_0.author) like upper(?) escape '\\'
2025-05-31 11:04:41.275 [http-nio-8080-exec-9] DEBUG org.hibernate.SQL - select b1_0.id,b1_0.author,b1_0.category_id,b1_0.created_at,b1_0.description,b1_0.image_url,b1_0.is_approved,b1_0.isbn,b1_0.price,b1_0.rating_avg,b1_0.stock_quantity,b1_0.title,b1_0.total_ratings,b1_0.vendor_id from books b1_0 where upper(b1_0.title) like upper(?) escape '\\'
2025-05-31 11:04:41.281 [http-nio-8080-exec-5] DEBUG org.hibernate.SQL - select b1_0.id,b1_0.author,b1_0.category_id,b1_0.created_at,b1_0.description,b1_0.image_url,b1_0.is_approved,b1_0.isbn,b1_0.price,b1_0.rating_avg,b1_0.stock_quantity,b1_0.title,b1_0.total_ratings,b1_0.vendor_id from books b1_0 where upper(b1_0.title) like upper(?) escape '\\'
2025-05-31 11:04:41.281 [http-nio-8080-exec-1] DEBUG org.hibernate.SQL - select b1_0.id,b1_0.author,b1_0.category_id,b1_0.created_at,b1_0.description,b1_0.image_url,b1_0.is_approved,b1_0.isbn,b1_0.price,b1_0.rating_avg,b1_0.stock_quantity,b1_0.title,b1_0.total_ratings,b1_0.vendor_id from books b1_0 where upper(b1_0.author) like upper(?) escape '\\'
2025-05-31 11:04:41.408 [http-nio-8080-exec-6] DEBUG org.hibernate.SQL - select b1_0.id,b1_0.author,b1_0.category_id,b1_0.created_at,b1_0.description,b1_0.image_url,b1_0.is_approved,b1_0.isbn,b1_0.price,b1_0.rating_avg,b1_0.stock_quantity,b1_0.title,b1_0.total_ratings,b1_0.vendor_id from books b1_0 where upper(b1_0.title) like upper(?) escape '\\'
2025-05-31 11:04:41.408 [http-nio-8080-exec-3] DEBUG org.hibernate.SQL - select b1_0.id,b1_0.author,b1_0.category_id,b1_0.created_at,b1_0.description,b1_0.image_url,b1_0.is_approved,b1_0.isbn,b1_0.price,b1_0.rating_avg,b1_0.stock_quantity,b1_0.title,b1_0.total_ratings,b1_0.vendor_id from books b1_0 where upper(b1_0.author) like upper(?) escape '\\'
2025-05-31 11:04:41.516 [http-nio-8080-exec-10] DEBUG org.hibernate.SQL - select b1_0.id,b1_0.author,b1_0.category_id,b1_0.created_at,b1_0.description,b1_0.image_url,b1_0.is_approved,b1_0.isbn,b1_0.price,b1_0.rating_avg,b1_0.stock_quantity,b1_0.title,b1_0.total_ratings,b1_0.vendor_id from books b1_0 where upper(b1_0.title) like upper(?) escape '\\'
2025-05-31 11:04:41.516 [http-nio-8080-exec-9] DEBUG org.hibernate.SQL - select b1_0.id,b1_0.author,b1_0.category_id,b1_0.created_at,b1_0.description,b1_0.image_url,b1_0.is_approved,b1_0.isbn,b1_0.price,b1_0.rating_avg,b1_0.stock_quantity,b1_0.title,b1_0.total_ratings,b1_0.vendor_id from books b1_0 where upper(b1_0.author) like upper(?) escape '\\'
2025-05-31 11:04:41.636 [http-nio-8080-exec-5] DEBUG org.hibernate.SQL - select b1_0.id,b1_0.author,b1_0.category_id,b1_0.created_at,b1_0.description,b1_0.image_url,b1_0.is_approved,b1_0.isbn,b1_0.price,b1_0.rating_avg,b1_0.stock_quantity,b1_0.title,b1_0.total_ratings,b1_0.vendor_id from books b1_0 where upper(b1_0.title) like upper(?) escape '\\'
2025-05-31 11:04:41.637 [http-nio-8080-exec-1] DEBUG org.hibernate.SQL - select b1_0.id,b1_0.author,b1_0.category_id,b1_0.created_at,b1_0.description,b1_0.image_url,b1_0.is_approved,b1_0.isbn,b1_0.price,b1_0.rating_avg,b1_0.stock_quantity,b1_0.title,b1_0.total_ratings,b1_0.vendor_id from books b1_0 where upper(b1_0.author) like upper(?) escape '\\'
2025-05-31 11:04:42.136 [http-nio-8080-exec-2] DEBUG org.hibernate.SQL - select b1_0.id,b1_0.author,b1_0.category_id,b1_0.created_at,b1_0.description,b1_0.image_url,b1_0.is_approved,b1_0.isbn,b1_0.price,b1_0.rating_avg,b1_0.stock_quantity,b1_0.title,b1_0.total_ratings,b1_0.vendor_id from books b1_0 where upper(b1_0.author) like upper(?) escape '\\'
2025-05-31 11:04:42.136 [http-nio-8080-exec-7] DEBUG org.hibernate.SQL - select b1_0.id,b1_0.author,b1_0.category_id,b1_0.created_at,b1_0.description,b1_0.image_url,b1_0.is_approved,b1_0.isbn,b1_0.price,b1_0.rating_avg,b1_0.stock_quantity,b1_0.title,b1_0.total_ratings,b1_0.vendor_id from books b1_0 where upper(b1_0.title) like upper(?) escape '\\'
2025-05-31 11:04:42.223 [http-nio-8080-exec-3] DEBUG org.hibernate.SQL - select b1_0.id,b1_0.author,b1_0.category_id,b1_0.created_at,b1_0.description,b1_0.image_url,b1_0.is_approved,b1_0.isbn,b1_0.price,b1_0.rating_avg,b1_0.stock_quantity,b1_0.title,b1_0.total_ratings,b1_0.vendor_id from books b1_0 where upper(b1_0.title) like upper(?) escape '\\'
2025-05-31 11:04:42.223 [http-nio-8080-exec-6] DEBUG org.hibernate.SQL - select b1_0.id,b1_0.author,b1_0.category_id,b1_0.created_at,b1_0.description,b1_0.image_url,b1_0.is_approved,b1_0.isbn,b1_0.price,b1_0.rating_avg,b1_0.stock_quantity,b1_0.title,b1_0.total_ratings,b1_0.vendor_id from books b1_0 where upper(b1_0.author) like upper(?) escape '\\'
2025-05-31 11:04:42.310 [http-nio-8080-exec-8] DEBUG org.hibernate.SQL - select b1_0.id,b1_0.author,b1_0.category_id,b1_0.created_at,b1_0.description,b1_0.image_url,b1_0.is_approved,b1_0.isbn,b1_0.price,b1_0.rating_avg,b1_0.stock_quantity,b1_0.title,b1_0.total_ratings,b1_0.vendor_id from books b1_0 where upper(b1_0.title) like upper(?) escape '\\'
2025-05-31 11:04:42.316 [http-nio-8080-exec-4] DEBUG org.hibernate.SQL - select b1_0.id,b1_0.author,b1_0.category_id,b1_0.created_at,b1_0.description,b1_0.image_url,b1_0.is_approved,b1_0.isbn,b1_0.price,b1_0.rating_avg,b1_0.stock_quantity,b1_0.title,b1_0.total_ratings,b1_0.vendor_id from books b1_0 where upper(b1_0.author) like upper(?) escape '\\'
2025-05-31 11:04:42.387 [http-nio-8080-exec-10] DEBUG org.hibernate.SQL - select b1_0.id,b1_0.author,b1_0.category_id,b1_0.created_at,b1_0.description,b1_0.image_url,b1_0.is_approved,b1_0.isbn,b1_0.price,b1_0.rating_avg,b1_0.stock_quantity,b1_0.title,b1_0.total_ratings,b1_0.vendor_id from books b1_0 where upper(b1_0.author) like upper(?) escape '\\'
2025-05-31 11:04:42.387 [http-nio-8080-exec-9] DEBUG org.hibernate.SQL - select b1_0.id,b1_0.author,b1_0.category_id,b1_0.created_at,b1_0.description,b1_0.image_url,b1_0.is_approved,b1_0.isbn,b1_0.price,b1_0.rating_avg,b1_0.stock_quantity,b1_0.title,b1_0.total_ratings,b1_0.vendor_id from books b1_0 where upper(b1_0.title) like upper(?) escape '\\'
2025-05-31 11:04:42.472 [http-nio-8080-exec-5] DEBUG org.hibernate.SQL - select b1_0.id,b1_0.author,b1_0.category_id,b1_0.created_at,b1_0.description,b1_0.image_url,b1_0.is_approved,b1_0.isbn,b1_0.price,b1_0.rating_avg,b1_0.stock_quantity,b1_0.title,b1_0.total_ratings,b1_0.vendor_id from books b1_0 where upper(b1_0.title) like upper(?) escape '\\'
2025-05-31 11:04:42.472 [http-nio-8080-exec-1] DEBUG org.hibernate.SQL - select b1_0.id,b1_0.author,b1_0.category_id,b1_0.created_at,b1_0.description,b1_0.image_url,b1_0.is_approved,b1_0.isbn,b1_0.price,b1_0.rating_avg,b1_0.stock_quantity,b1_0.title,b1_0.total_ratings,b1_0.vendor_id from books b1_0 where upper(b1_0.author) like upper(?) escape '\\'
2025-05-31 11:04:42.555 [http-nio-8080-exec-2] DEBUG org.hibernate.SQL - select b1_0.id,b1_0.author,b1_0.category_id,b1_0.created_at,b1_0.description,b1_0.image_url,b1_0.is_approved,b1_0.isbn,b1_0.price,b1_0.rating_avg,b1_0.stock_quantity,b1_0.title,b1_0.total_ratings,b1_0.vendor_id from books b1_0 where upper(b1_0.author) like upper(?) escape '\\'
2025-05-31 11:04:42.555 [http-nio-8080-exec-7] DEBUG org.hibernate.SQL - select b1_0.id,b1_0.author,b1_0.category_id,b1_0.created_at,b1_0.description,b1_0.image_url,b1_0.is_approved,b1_0.isbn,b1_0.price,b1_0.rating_avg,b1_0.stock_quantity,b1_0.title,b1_0.total_ratings,b1_0.vendor_id from books b1_0 where upper(b1_0.title) like upper(?) escape '\\'
2025-05-31 11:04:42.642 [http-nio-8080-exec-6] DEBUG org.hibernate.SQL - select b1_0.id,b1_0.author,b1_0.category_id,b1_0.created_at,b1_0.description,b1_0.image_url,b1_0.is_approved,b1_0.isbn,b1_0.price,b1_0.rating_avg,b1_0.stock_quantity,b1_0.title,b1_0.total_ratings,b1_0.vendor_id from books b1_0
2025-05-31 11:08:06.741 [http-nio-8080-exec-2] DEBUG org.hibernate.SQL - select u1_0.id from users u1_0 where u1_0.email=? limit ?
2025-05-31 11:08:06.855 [http-nio-8080-exec-2] DEBUG org.hibernate.SQL - insert into users (created_at,email,first_name,is_verified,last_name,password,phone,role) values (?,?,?,?,?,?,?,?)
2025-05-31 11:08:55.318 [http-nio-8080-exec-10] DEBUG org.hibernate.SQL - select u1_0.id,u1_0.created_at,u1_0.email,u1_0.first_name,u1_0.is_verified,u1_0.last_name,u1_0.password,u1_0.phone,u1_0.role from users u1_0 where u1_0.email=?
2025-05-31 11:08:55.437 [http-nio-8080-exec-10] DEBUG org.hibernate.SQL - select v1_0.id,v1_0.business_email,v1_0.business_name,v1_0.business_phone,v1_0.created_at,v1_0.is_approved,v1_0.user_id from vendors v1_0 where v1_0.user_id=?
2025-05-31 11:08:55.475 [http-nio-8080-exec-5] DEBUG org.hibernate.SQL - select u1_0.id,u1_0.created_at,u1_0.email,u1_0.first_name,u1_0.is_verified,u1_0.last_name,u1_0.password,u1_0.phone,u1_0.role from users u1_0 where u1_0.id=?
2025-05-31 11:08:55.478 [http-nio-8080-exec-5] DEBUG org.hibernate.SQL - select v1_0.id,v1_0.business_email,v1_0.business_name,v1_0.business_phone,v1_0.created_at,v1_0.is_approved,v1_0.user_id from vendors v1_0 where v1_0.user_id=?
2025-05-31 11:08:55.480 [http-nio-8080-exec-5] DEBUG org.hibernate.SQL - insert into vendors (business_email,business_name,business_phone,created_at,is_approved,user_id) values (?,?,?,?,?,?)
2025-05-31 11:10:13.835 [http-nio-8080-exec-3] DEBUG org.hibernate.SQL - select u1_0.id,u1_0.created_at,u1_0.email,u1_0.first_name,u1_0.is_verified,u1_0.last_name,u1_0.password,u1_0.phone,u1_0.role from users u1_0 where u1_0.email=?
2025-05-31 11:10:13.941 [http-nio-8080-exec-3] DEBUG org.hibernate.SQL - select v1_0.id,v1_0.business_email,v1_0.business_name,v1_0.business_phone,v1_0.created_at,v1_0.is_approved,v1_0.user_id from vendors v1_0 where v1_0.user_id=?
2025-05-31 11:10:13.992 [http-nio-8080-exec-9] DEBUG org.hibernate.SQL - select c1_0.id,c1_0.added_at,c1_0.book_id,c1_0.quantity,c1_0.user_id from cart_items c1_0 where c1_0.user_id=?
2025-05-31 11:10:13.992 [http-nio-8080-exec-2] DEBUG org.hibernate.SQL - select v1_0.id,v1_0.business_email,v1_0.business_name,v1_0.business_phone,v1_0.created_at,v1_0.is_approved,v1_0.user_id from vendors v1_0 where v1_0.user_id=?
2025-05-31 11:10:13.992 [http-nio-8080-exec-4] DEBUG org.hibernate.SQL - select v1_0.id,v1_0.business_email,v1_0.business_name,v1_0.business_phone,v1_0.created_at,v1_0.is_approved,v1_0.user_id from vendors v1_0 where v1_0.user_id=?
2025-05-31 11:10:14.001 [http-nio-8080-exec-7] DEBUG org.hibernate.SQL - select o1_0.id,o1_0.created_at,o1_0.order_number,o1_0.shipping_address_id,o1_0.status,o1_0.total_amount,o1_0.user_id from orders o1_0 where o1_0.user_id=? order by o1_0.created_at desc
2025-05-31 11:10:14.003 [http-nio-8080-exec-5] DEBUG org.hibernate.SQL - select w1_0.id,w1_0.added_at,w1_0.book_id,w1_0.user_id from wishlists w1_0 where w1_0.user_id=?
2025-05-31 11:10:14.003 [http-nio-8080-exec-6] DEBUG org.hibernate.SQL - select a1_0.id,a1_0.address_line1,a1_0.address_line2,a1_0.city,a1_0.country,a1_0.created_at,a1_0.is_default,a1_0.postal_code,a1_0.state,a1_0.user_id from user_addresses a1_0 where a1_0.user_id=?
2025-05-31 11:10:14.013 [http-nio-8080-exec-10] DEBUG org.hibernate.SQL - select v1_0.id,v1_0.business_email,v1_0.business_name,v1_0.business_phone,v1_0.created_at,v1_0.is_approved,v1_0.user_id from vendors v1_0 where v1_0.user_id=?
2025-05-31 11:10:14.025 [http-nio-8080-exec-2] DEBUG org.hibernate.SQL - select u1_0.id,u1_0.created_at,u1_0.email,u1_0.first_name,u1_0.is_verified,u1_0.last_name,u1_0.password,u1_0.phone,u1_0.role from users u1_0 where u1_0.id=?
2025-05-31 11:10:14.027 [http-nio-8080-exec-4] DEBUG org.hibernate.SQL - select b1_0.vendor_id,b1_0.id,b1_0.author,b1_0.category_id,b1_0.created_at,b1_0.description,b1_0.image_url,b1_0.is_approved,b1_0.isbn,b1_0.price,b1_0.rating_avg,b1_0.stock_quantity,b1_0.title,b1_0.total_ratings from books b1_0 where b1_0.vendor_id=?
2025-05-31 11:10:14.028 [http-nio-8080-exec-10] DEBUG org.hibernate.SQL - select b1_0.vendor_id,b1_0.id,b1_0.author,b1_0.category_id,b1_0.created_at,b1_0.description,b1_0.image_url,b1_0.is_approved,b1_0.isbn,b1_0.price,b1_0.rating_avg,b1_0.stock_quantity,b1_0.title,b1_0.total_ratings from books b1_0 where b1_0.vendor_id=?
2025-05-31 11:10:14.033 [http-nio-8080-exec-2] DEBUG org.hibernate.SQL - select b1_0.vendor_id,b1_0.id,b1_0.author,b1_0.category_id,b1_0.created_at,b1_0.description,b1_0.image_url,b1_0.is_approved,b1_0.isbn,b1_0.price,b1_0.rating_avg,b1_0.stock_quantity,b1_0.title,b1_0.total_ratings from books b1_0 where b1_0.vendor_id=?
2025-05-31 11:10:14.045 [http-nio-8080-exec-10] DEBUG org.hibernate.SQL - select coalesce(sum(o1_0.total_price),0) from order_items o1_0 join books b1_0 on b1_0.id=o1_0.book_id where b1_0.vendor_id=?
2025-05-31 11:10:14.051 [http-nio-8080-exec-10] DEBUG org.hibernate.SQL - select count(distinct o1_0.id) from orders o1_0 join order_items o2_0 on o1_0.id=o2_0.order_id join books b1_0 on b1_0.id=o2_0.book_id where b1_0.vendor_id=?
2025-05-31 11:10:14.060 [http-nio-8080-exec-10] DEBUG org.hibernate.SQL - select u1_0.id,u1_0.created_at,u1_0.email,u1_0.first_name,u1_0.is_verified,u1_0.last_name,u1_0.password,u1_0.phone,u1_0.role from users u1_0 where u1_0.id=?
2025-05-31 11:10:40.972 [http-nio-8080-exec-4] DEBUG org.hibernate.SQL - select u1_0.id,u1_0.created_at,u1_0.email,u1_0.first_name,u1_0.is_verified,u1_0.last_name,u1_0.password,u1_0.phone,u1_0.role from users u1_0 where u1_0.email=?
2025-05-31 11:13:15.185 [http-nio-8080-exec-2] DEBUG org.hibernate.SQL - select u1_0.id from users u1_0 where u1_0.email=? limit ?
2025-05-31 11:13:15.289 [http-nio-8080-exec-2] DEBUG org.hibernate.SQL - insert into users (created_at,email,first_name,is_verified,last_name,password,phone,role) values (?,?,?,?,?,?,?,?)
2025-05-31 11:13:36.461 [http-nio-8080-exec-3] DEBUG org.hibernate.SQL - select u1_0.id,u1_0.created_at,u1_0.email,u1_0.first_name,u1_0.is_verified,u1_0.last_name,u1_0.password,u1_0.phone,u1_0.role from users u1_0 where u1_0.email=?
2025-05-31 11:13:36.605 [http-nio-8080-exec-7] DEBUG org.hibernate.SQL - select o1_0.id,o1_0.created_at,o1_0.order_number,o1_0.shipping_address_id,o1_0.status,o1_0.total_amount,o1_0.user_id from orders o1_0 where o1_0.user_id=? order by o1_0.created_at desc
2025-05-31 11:13:36.608 [http-nio-8080-exec-5] DEBUG org.hibernate.SQL - select c1_0.id,c1_0.added_at,c1_0.book_id,c1_0.quantity,c1_0.user_id from cart_items c1_0 where c1_0.user_id=?
2025-05-31 11:13:36.610 [http-nio-8080-exec-3] DEBUG org.hibernate.SQL - select w1_0.id,w1_0.added_at,w1_0.book_id,w1_0.user_id from wishlists w1_0 where w1_0.user_id=?
2025-05-31 11:13:36.616 [http-nio-8080-exec-2] DEBUG org.hibernate.SQL - select a1_0.id,a1_0.address_line1,a1_0.address_line2,a1_0.city,a1_0.country,a1_0.created_at,a1_0.is_default,a1_0.postal_code,a1_0.state,a1_0.user_id from user_addresses a1_0 where a1_0.user_id=?
2025-05-31 11:13:36.619 [http-nio-8080-exec-1] DEBUG org.hibernate.SQL - select b1_0.id,b1_0.author,b1_0.category_id,b1_0.created_at,b1_0.description,b1_0.image_url,b1_0.is_approved,b1_0.isbn,b1_0.price,b1_0.rating_avg,b1_0.stock_quantity,b1_0.title,b1_0.total_ratings,b1_0.vendor_id from books b1_0 where not(b1_0.is_approved)
2025-05-31 11:13:36.643 [http-nio-8080-exec-6] DEBUG org.hibernate.SQL - select v1_0.id,v1_0.business_email,v1_0.business_name,v1_0.business_phone,v1_0.created_at,v1_0.is_approved,v1_0.user_id from vendors v1_0 where not(v1_0.is_approved)
2025-05-31 11:13:36.645 [http-nio-8080-exec-9] DEBUG org.hibernate.SQL - select count(*) from users u1_0
2025-05-31 11:13:36.650 [http-nio-8080-exec-6] DEBUG org.hibernate.SQL - select u1_0.id,u1_0.created_at,u1_0.email,u1_0.first_name,u1_0.is_verified,u1_0.last_name,u1_0.password,u1_0.phone,u1_0.role from users u1_0 where u1_0.id=?
2025-05-31 11:13:36.652 [http-nio-8080-exec-9] DEBUG org.hibernate.SQL - select count(*) from books b1_0
2025-05-31 11:13:36.654 [http-nio-8080-exec-6] DEBUG org.hibernate.SQL - select b1_0.vendor_id,b1_0.id,b1_0.author,b1_0.category_id,b1_0.created_at,b1_0.description,b1_0.image_url,b1_0.is_approved,b1_0.isbn,b1_0.price,b1_0.rating_avg,b1_0.stock_quantity,b1_0.title,b1_0.total_ratings from books b1_0 where b1_0.vendor_id=?
2025-05-31 11:13:36.657 [http-nio-8080-exec-9] DEBUG org.hibernate.SQL - select count(b1_0.id) from books b1_0 where b1_0.is_approved
2025-05-31 11:13:36.661 [http-nio-8080-exec-9] DEBUG org.hibernate.SQL - select count(b1_0.id) from books b1_0 where not(b1_0.is_approved)
2025-05-31 11:13:36.668 [http-nio-8080-exec-9] DEBUG org.hibernate.SQL - select count(*) from vendors v1_0
2025-05-31 11:13:36.672 [http-nio-8080-exec-9] DEBUG org.hibernate.SQL - select count(v1_0.id) from vendors v1_0 where v1_0.is_approved
2025-05-31 11:13:36.676 [http-nio-8080-exec-9] DEBUG org.hibernate.SQL - select count(v1_0.id) from vendors v1_0 where not(v1_0.is_approved)
2025-05-31 11:13:36.685 [http-nio-8080-exec-9] DEBUG org.hibernate.SQL - select count(*) from orders o1_0
2025-05-31 11:13:36.696 [http-nio-8080-exec-9] DEBUG org.hibernate.SQL - select sum(o1_0.total_amount) from orders o1_0
2025-05-31 11:13:36.699 [http-nio-8080-exec-9] DEBUG org.hibernate.SQL - select count(*) from reviews r1_0
2025-05-31 11:13:36.717 [http-nio-8080-exec-9] DEBUG org.hibernate.SQL - select count(r1_0.id) from reviews r1_0 where r1_0.is_approved
2025-05-31 11:13:36.720 [http-nio-8080-exec-9] DEBUG org.hibernate.SQL - select count(r1_0.id) from reviews r1_0 where not(r1_0.is_approved)
2025-05-31 11:13:43.081 [http-nio-8080-exec-2] DEBUG org.hibernate.SQL - select v1_0.id,v1_0.business_email,v1_0.business_name,v1_0.business_phone,v1_0.created_at,v1_0.is_approved,v1_0.user_id from vendors v1_0 where v1_0.id=?
2025-05-31 11:13:43.098 [http-nio-8080-exec-2] DEBUG org.hibernate.SQL - update vendors set business_email=?,business_name=?,business_phone=?,created_at=?,is_approved=?,user_id=? where id=?
2025-05-31 11:13:43.104 [http-nio-8080-exec-2] DEBUG org.hibernate.SQL - select u1_0.id,u1_0.created_at,u1_0.email,u1_0.first_name,u1_0.is_verified,u1_0.last_name,u1_0.password,u1_0.phone,u1_0.role from users u1_0 where u1_0.id=?
2025-05-31 11:13:43.105 [http-nio-8080-exec-2] DEBUG org.hibernate.SQL - select b1_0.vendor_id,b1_0.id,b1_0.author,b1_0.category_id,b1_0.created_at,b1_0.description,b1_0.image_url,b1_0.is_approved,b1_0.isbn,b1_0.price,b1_0.rating_avg,b1_0.stock_quantity,b1_0.title,b1_0.total_ratings from books b1_0 where b1_0.vendor_id=?
2025-05-31 11:13:43.116 [http-nio-8080-exec-6] DEBUG org.hibernate.SQL - select v1_0.id,v1_0.business_email,v1_0.business_name,v1_0.business_phone,v1_0.created_at,v1_0.is_approved,v1_0.user_id from vendors v1_0 where not(v1_0.is_approved)
2025-05-31 11:13:43.130 [http-nio-8080-exec-7] DEBUG org.hibernate.SQL - select count(*) from users u1_0
2025-05-31 11:13:43.132 [http-nio-8080-exec-7] DEBUG org.hibernate.SQL - select count(*) from books b1_0
2025-05-31 11:13:43.134 [http-nio-8080-exec-7] DEBUG org.hibernate.SQL - select count(b1_0.id) from books b1_0 where b1_0.is_approved
2025-05-31 11:13:43.136 [http-nio-8080-exec-7] DEBUG org.hibernate.SQL - select count(b1_0.id) from books b1_0 where not(b1_0.is_approved)
2025-05-31 11:13:43.137 [http-nio-8080-exec-7] DEBUG org.hibernate.SQL - select count(*) from vendors v1_0
2025-05-31 11:13:43.138 [http-nio-8080-exec-7] DEBUG org.hibernate.SQL - select count(v1_0.id) from vendors v1_0 where v1_0.is_approved
2025-05-31 11:13:43.139 [http-nio-8080-exec-7] DEBUG org.hibernate.SQL - select count(v1_0.id) from vendors v1_0 where not(v1_0.is_approved)
2025-05-31 11:13:43.140 [http-nio-8080-exec-7] DEBUG org.hibernate.SQL - select count(*) from orders o1_0
2025-05-31 11:13:43.141 [http-nio-8080-exec-7] DEBUG org.hibernate.SQL - select sum(o1_0.total_amount) from orders o1_0
2025-05-31 11:13:43.142 [http-nio-8080-exec-7] DEBUG org.hibernate.SQL - select count(*) from reviews r1_0
2025-05-31 11:13:43.143 [http-nio-8080-exec-7] DEBUG org.hibernate.SQL - select count(r1_0.id) from reviews r1_0 where r1_0.is_approved
2025-05-31 11:13:43.144 [http-nio-8080-exec-7] DEBUG org.hibernate.SQL - select count(r1_0.id) from reviews r1_0 where not(r1_0.is_approved)
