2025-05-31 10:33:53.527 [http-nio-8080-exec-1] INFO  com.bookstore.bookstore_app.controller.BookController - GET /api/books/all - Fetching all books
2025-05-31 10:33:53.604 [http-nio-8080-exec-1] INFO  com.bookstore.bookstore_app.controller.BookController - API returned 0 books
2025-05-31 10:33:53.648 [http-nio-8080-exec-2] INFO  com.bookstore.bookstore_app.controller.BookController - GET /api/books/all - Fetching all books
2025-05-31 10:33:53.653 [http-nio-8080-exec-2] INFO  com.bookstore.bookstore_app.controller.BookController - API returned 0 books
2025-05-31 10:34:22.537 [http-nio-8080-exec-6] INFO  com.bookstore.bookstore_app.controller.UserController - POST /api/auth/register - Registration attempt for email: arnavsaharan2003@gmail.com
2025-05-31 10:34:22.721 [http-nio-8080-exec-6] INFO  com.bookstore.bookstore_app.controller.UserController - User registration successful via API - Email: arnavsaharan2003@gmail.com
2025-05-31 10:34:41.888 [http-nio-8080-exec-9] INFO  com.bookstore.bookstore_app.controller.UserController - POST /api/auth/login - Login attempt for email: arnavsaharan2003@gmail.com
2025-05-31 10:34:42.019 [http-nio-8080-exec-9] INFO  com.bookstore.bookstore_app.controller.UserController - User login successful via API - Email: arnavsaharan2003@gmail.com, Role: USER
2025-05-31 10:34:42.075 [http-nio-8080-exec-1] INFO  com.bookstore.bookstore_app.controller.WishlistController - GET /api/wishlist/1 - Fetching user wishlist
2025-05-31 10:34:42.076 [http-nio-8080-exec-3] INFO  com.bookstore.bookstore_app.controller.AddressController - GET /api/addresses/user/1 - Fetching user addresses
2025-05-31 10:34:42.076 [http-nio-8080-exec-6] INFO  com.bookstore.bookstore_app.controller.OrderController - GET /api/orders/user/1 - Fetching user orders
2025-05-31 10:34:42.075 [http-nio-8080-exec-5] INFO  com.bookstore.bookstore_app.controller.CartController - GET /api/cart/1 - Fetching cart items
2025-05-31 10:34:42.088 [http-nio-8080-exec-6] INFO  com.bookstore.bookstore_app.controller.OrderController - Retrieved 0 orders via API for user ID: 1
2025-05-31 10:34:42.090 [http-nio-8080-exec-3] INFO  com.bookstore.bookstore_app.controller.AddressController - Retrieved 0 addresses for user ID: 1
2025-05-31 10:34:42.094 [http-nio-8080-exec-5] INFO  com.bookstore.bookstore_app.controller.CartController - Retrieved 0 cart items via API for user ID: 1
2025-05-31 10:34:42.094 [http-nio-8080-exec-1] INFO  com.bookstore.bookstore_app.controller.WishlistController - Retrieved 0 wishlist items via API for user ID: 1
2025-05-31 11:04:04.473 [http-nio-8080-exec-10] INFO  com.bookstore.bookstore_app.controller.BookController - GET /api/books/all - Fetching all books
2025-05-31 11:04:04.525 [http-nio-8080-exec-8] INFO  com.bookstore.bookstore_app.controller.CartController - GET /api/cart/1 - Fetching cart items
2025-05-31 11:04:04.526 [http-nio-8080-exec-7] INFO  com.bookstore.bookstore_app.controller.AddressController - GET /api/addresses/user/1 - Fetching user addresses
2025-05-31 11:04:04.528 [http-nio-8080-exec-3] INFO  com.bookstore.bookstore_app.controller.OrderController - GET /api/orders/user/1 - Fetching user orders
2025-05-31 11:04:04.529 [http-nio-8080-exec-4] INFO  com.bookstore.bookstore_app.controller.WishlistController - GET /api/wishlist/1 - Fetching user wishlist
2025-05-31 11:04:04.564 [http-nio-8080-exec-7] INFO  com.bookstore.bookstore_app.controller.AddressController - Retrieved 0 addresses for user ID: 1
2025-05-31 11:04:04.564 [http-nio-8080-exec-3] INFO  com.bookstore.bookstore_app.controller.OrderController - Retrieved 0 orders via API for user ID: 1
2025-05-31 11:04:04.564 [http-nio-8080-exec-8] INFO  com.bookstore.bookstore_app.controller.CartController - Retrieved 0 cart items via API for user ID: 1
2025-05-31 11:04:04.564 [http-nio-8080-exec-4] INFO  com.bookstore.bookstore_app.controller.WishlistController - Retrieved 0 wishlist items via API for user ID: 1
2025-05-31 11:04:04.564 [http-nio-8080-exec-10] INFO  com.bookstore.bookstore_app.controller.BookController - API returned 0 books
2025-05-31 11:04:04.576 [http-nio-8080-exec-1] INFO  com.bookstore.bookstore_app.controller.BookController - GET /api/books/all - Fetching all books
2025-05-31 11:04:04.580 [http-nio-8080-exec-1] INFO  com.bookstore.bookstore_app.controller.BookController - API returned 0 books
2025-05-31 11:04:34.609 [http-nio-8080-exec-8] INFO  com.bookstore.bookstore_app.controller.UserController - POST /api/auth/login - Login attempt for email: arnavsaharan2003@gmail.com
2025-05-31 11:04:34.720 [http-nio-8080-exec-8] INFO  com.bookstore.bookstore_app.controller.UserController - User login successful via API - Email: arnavsaharan2003@gmail.com, Role: USER
2025-05-31 11:04:34.748 [http-nio-8080-exec-6] INFO  com.bookstore.bookstore_app.controller.OrderController - GET /api/orders/user/1 - Fetching user orders
2025-05-31 11:04:34.748 [http-nio-8080-exec-9] INFO  com.bookstore.bookstore_app.controller.CartController - GET /api/cart/1 - Fetching cart items
2025-05-31 11:04:34.749 [http-nio-8080-exec-7] INFO  com.bookstore.bookstore_app.controller.WishlistController - GET /api/wishlist/1 - Fetching user wishlist
2025-05-31 11:04:34.749 [http-nio-8080-exec-3] INFO  com.bookstore.bookstore_app.controller.AddressController - GET /api/addresses/user/1 - Fetching user addresses
2025-05-31 11:04:34.754 [http-nio-8080-exec-6] INFO  com.bookstore.bookstore_app.controller.OrderController - Retrieved 0 orders via API for user ID: 1
2025-05-31 11:04:34.755 [http-nio-8080-exec-3] INFO  com.bookstore.bookstore_app.controller.AddressController - Retrieved 0 addresses for user ID: 1
2025-05-31 11:04:34.756 [http-nio-8080-exec-9] INFO  com.bookstore.bookstore_app.controller.CartController - Retrieved 0 cart items via API for user ID: 1
2025-05-31 11:04:34.755 [http-nio-8080-exec-7] INFO  com.bookstore.bookstore_app.controller.WishlistController - Retrieved 0 wishlist items via API for user ID: 1
2025-05-31 11:04:41.163 [http-nio-8080-exec-3] INFO  com.bookstore.bookstore_app.controller.BookController - GET /api/books/search/author - Searching by author: kj
2025-05-31 11:04:41.163 [http-nio-8080-exec-4] INFO  com.bookstore.bookstore_app.controller.BookController - GET /api/books/search/title - Searching by title: k
2025-05-31 11:04:41.163 [http-nio-8080-exec-10] INFO  com.bookstore.bookstore_app.controller.BookController - GET /api/books/search/title - Searching by title: kj
2025-05-31 11:04:41.163 [http-nio-8080-exec-8] INFO  com.bookstore.bookstore_app.controller.BookController - GET /api/books/search/author - Searching by author: k
2025-05-31 11:04:41.166 [http-nio-8080-exec-9] INFO  com.bookstore.bookstore_app.controller.BookController - GET /api/books/search/title - Searching by title: kje
2025-05-31 11:04:41.166 [http-nio-8080-exec-6] INFO  com.bookstore.bookstore_app.controller.BookController - GET /api/books/search/author - Searching by author: kje
2025-05-31 11:04:41.175 [http-nio-8080-exec-6] INFO  com.bookstore.bookstore_app.controller.BookController - API search by author returned 0 books for: kje
2025-05-31 11:04:41.175 [http-nio-8080-exec-9] INFO  com.bookstore.bookstore_app.controller.BookController - API search by title returned 0 books for: kje
2025-05-31 11:04:41.176 [http-nio-8080-exec-3] INFO  com.bookstore.bookstore_app.controller.BookController - API search by author returned 0 books for: kj
2025-05-31 11:04:41.175 [http-nio-8080-exec-4] INFO  com.bookstore.bookstore_app.controller.BookController - API search by title returned 0 books for: k
2025-05-31 11:04:41.175 [http-nio-8080-exec-8] INFO  com.bookstore.bookstore_app.controller.BookController - API search by author returned 0 books for: k
2025-05-31 11:04:41.176 [http-nio-8080-exec-10] INFO  com.bookstore.bookstore_app.controller.BookController - API search by title returned 0 books for: kj
2025-05-31 11:04:41.228 [http-nio-8080-exec-2] INFO  com.bookstore.bookstore_app.controller.BookController - GET /api/books/search/author - Searching by author: kjef
2025-05-31 11:04:41.229 [http-nio-8080-exec-7] INFO  com.bookstore.bookstore_app.controller.BookController - GET /api/books/search/title - Searching by title: kjef
2025-05-31 11:04:41.230 [http-nio-8080-exec-7] INFO  com.bookstore.bookstore_app.controller.BookController - API search by title returned 0 books for: kjef
2025-05-31 11:04:41.230 [http-nio-8080-exec-2] INFO  com.bookstore.bookstore_app.controller.BookController - API search by author returned 0 books for: kjef
2025-05-31 11:04:41.273 [http-nio-8080-exec-10] INFO  com.bookstore.bookstore_app.controller.BookController - GET /api/books/search/author - Searching by author: kjefn
2025-05-31 11:04:41.273 [http-nio-8080-exec-9] INFO  com.bookstore.bookstore_app.controller.BookController - GET /api/books/search/title - Searching by title: kjefn
2025-05-31 11:04:41.276 [http-nio-8080-exec-9] INFO  com.bookstore.bookstore_app.controller.BookController - API search by title returned 0 books for: kjefn
2025-05-31 11:04:41.276 [http-nio-8080-exec-10] INFO  com.bookstore.bookstore_app.controller.BookController - API search by author returned 0 books for: kjefn
2025-05-31 11:04:41.280 [http-nio-8080-exec-1] INFO  com.bookstore.bookstore_app.controller.BookController - GET /api/books/search/author - Searching by author: kjefnj
2025-05-31 11:04:41.280 [http-nio-8080-exec-5] INFO  com.bookstore.bookstore_app.controller.BookController - GET /api/books/search/title - Searching by title: kjefnj
2025-05-31 11:04:41.282 [http-nio-8080-exec-5] INFO  com.bookstore.bookstore_app.controller.BookController - API search by title returned 0 books for: kjefnj
2025-05-31 11:04:41.283 [http-nio-8080-exec-1] INFO  com.bookstore.bookstore_app.controller.BookController - API search by author returned 0 books for: kjefnj
2025-05-31 11:04:41.406 [http-nio-8080-exec-6] INFO  com.bookstore.bookstore_app.controller.BookController - GET /api/books/search/title - Searching by title: kjefnjW
2025-05-31 11:04:41.406 [http-nio-8080-exec-3] INFO  com.bookstore.bookstore_app.controller.BookController - GET /api/books/search/author - Searching by author: kjefnjW
2025-05-31 11:04:41.409 [http-nio-8080-exec-3] INFO  com.bookstore.bookstore_app.controller.BookController - API search by author returned 0 books for: kjefnjW
2025-05-31 11:04:41.409 [http-nio-8080-exec-6] INFO  com.bookstore.bookstore_app.controller.BookController - API search by title returned 0 books for: kjefnjW
2025-05-31 11:04:41.515 [http-nio-8080-exec-10] INFO  com.bookstore.bookstore_app.controller.BookController - GET /api/books/search/title - Searching by title: kjefnjWF
2025-05-31 11:04:41.515 [http-nio-8080-exec-9] INFO  com.bookstore.bookstore_app.controller.BookController - GET /api/books/search/author - Searching by author: kjefnjWF
2025-05-31 11:04:41.517 [http-nio-8080-exec-9] INFO  com.bookstore.bookstore_app.controller.BookController - API search by author returned 0 books for: kjefnjWF
2025-05-31 11:04:41.517 [http-nio-8080-exec-10] INFO  com.bookstore.bookstore_app.controller.BookController - API search by title returned 0 books for: kjefnjWF
2025-05-31 11:04:41.634 [http-nio-8080-exec-5] INFO  com.bookstore.bookstore_app.controller.BookController - GET /api/books/search/title - Searching by title: kjefnjW
2025-05-31 11:04:41.634 [http-nio-8080-exec-1] INFO  com.bookstore.bookstore_app.controller.BookController - GET /api/books/search/author - Searching by author: kjefnjW
2025-05-31 11:04:41.638 [http-nio-8080-exec-5] INFO  com.bookstore.bookstore_app.controller.BookController - API search by title returned 0 books for: kjefnjW
2025-05-31 11:04:41.639 [http-nio-8080-exec-1] INFO  com.bookstore.bookstore_app.controller.BookController - API search by author returned 0 books for: kjefnjW
2025-05-31 11:04:42.133 [http-nio-8080-exec-2] INFO  com.bookstore.bookstore_app.controller.BookController - GET /api/books/search/author - Searching by author: kjefnj
2025-05-31 11:04:42.134 [http-nio-8080-exec-7] INFO  com.bookstore.bookstore_app.controller.BookController - GET /api/books/search/title - Searching by title: kjefnj
2025-05-31 11:04:42.138 [http-nio-8080-exec-2] INFO  com.bookstore.bookstore_app.controller.BookController - API search by author returned 0 books for: kjefnj
2025-05-31 11:04:42.138 [http-nio-8080-exec-7] INFO  com.bookstore.bookstore_app.controller.BookController - API search by title returned 0 books for: kjefnj
2025-05-31 11:04:42.220 [http-nio-8080-exec-3] INFO  com.bookstore.bookstore_app.controller.BookController - GET /api/books/search/title - Searching by title: kjefn
2025-05-31 11:04:42.220 [http-nio-8080-exec-6] INFO  com.bookstore.bookstore_app.controller.BookController - GET /api/books/search/author - Searching by author: kjefn
2025-05-31 11:04:42.227 [http-nio-8080-exec-3] INFO  com.bookstore.bookstore_app.controller.BookController - API search by title returned 0 books for: kjefn
2025-05-31 11:04:42.228 [http-nio-8080-exec-6] INFO  com.bookstore.bookstore_app.controller.BookController - API search by author returned 0 books for: kjefn
2025-05-31 11:04:42.306 [http-nio-8080-exec-8] INFO  com.bookstore.bookstore_app.controller.BookController - GET /api/books/search/title - Searching by title: kjef
2025-05-31 11:04:42.306 [http-nio-8080-exec-4] INFO  com.bookstore.bookstore_app.controller.BookController - GET /api/books/search/author - Searching by author: kjef
2025-05-31 11:04:42.315 [http-nio-8080-exec-8] INFO  com.bookstore.bookstore_app.controller.BookController - API search by title returned 0 books for: kjef
2025-05-31 11:04:42.319 [http-nio-8080-exec-4] INFO  com.bookstore.bookstore_app.controller.BookController - API search by author returned 0 books for: kjef
2025-05-31 11:04:42.385 [http-nio-8080-exec-9] INFO  com.bookstore.bookstore_app.controller.BookController - GET /api/books/search/title - Searching by title: kje
2025-05-31 11:04:42.385 [http-nio-8080-exec-10] INFO  com.bookstore.bookstore_app.controller.BookController - GET /api/books/search/author - Searching by author: kje
2025-05-31 11:04:42.389 [http-nio-8080-exec-10] INFO  com.bookstore.bookstore_app.controller.BookController - API search by author returned 0 books for: kje
2025-05-31 11:04:42.389 [http-nio-8080-exec-9] INFO  com.bookstore.bookstore_app.controller.BookController - API search by title returned 0 books for: kje
2025-05-31 11:04:42.471 [http-nio-8080-exec-1] INFO  com.bookstore.bookstore_app.controller.BookController - GET /api/books/search/author - Searching by author: kj
2025-05-31 11:04:42.471 [http-nio-8080-exec-5] INFO  com.bookstore.bookstore_app.controller.BookController - GET /api/books/search/title - Searching by title: kj
2025-05-31 11:04:42.473 [http-nio-8080-exec-1] INFO  com.bookstore.bookstore_app.controller.BookController - API search by author returned 0 books for: kj
2025-05-31 11:04:42.474 [http-nio-8080-exec-5] INFO  com.bookstore.bookstore_app.controller.BookController - API search by title returned 0 books for: kj
2025-05-31 11:04:42.553 [http-nio-8080-exec-2] INFO  com.bookstore.bookstore_app.controller.BookController - GET /api/books/search/author - Searching by author: k
2025-05-31 11:04:42.554 [http-nio-8080-exec-7] INFO  com.bookstore.bookstore_app.controller.BookController - GET /api/books/search/title - Searching by title: k
2025-05-31 11:04:42.557 [http-nio-8080-exec-7] INFO  com.bookstore.bookstore_app.controller.BookController - API search by title returned 0 books for: k
2025-05-31 11:04:42.557 [http-nio-8080-exec-2] INFO  com.bookstore.bookstore_app.controller.BookController - API search by author returned 0 books for: k
2025-05-31 11:04:42.639 [http-nio-8080-exec-6] INFO  com.bookstore.bookstore_app.controller.BookController - GET /api/books/all - Fetching all books
2025-05-31 11:04:42.644 [http-nio-8080-exec-6] INFO  com.bookstore.bookstore_app.controller.BookController - API returned 0 books
2025-05-31 11:08:06.731 [http-nio-8080-exec-2] INFO  com.bookstore.bookstore_app.controller.UserController - POST /api/auth/register-vendor - Vendor registration attempt for email: arpit@gmail.com
2025-05-31 11:08:06.871 [http-nio-8080-exec-2] INFO  com.bookstore.bookstore_app.controller.UserController - Vendor user registration successful via API - Email: arpit@gmail.com
2025-05-31 11:08:55.314 [http-nio-8080-exec-10] INFO  com.bookstore.bookstore_app.controller.UserController - POST /api/auth/login - Login attempt for email: arpit@gmail.com
2025-05-31 11:08:55.439 [http-nio-8080-exec-10] INFO  com.bookstore.bookstore_app.controller.UserController - User login successful via API - Email: arpit@gmail.com, Role: VENDOR
2025-05-31 11:08:55.451 [http-nio-8080-exec-5] INFO  com.bookstore.bookstore_app.controller.VendorController - POST /api/vendor/register - Vendor registration request
2025-05-31 11:08:55.485 [http-nio-8080-exec-5] INFO  com.bookstore.bookstore_app.controller.VendorController - Vendor registration successful - User ID: 2, Business: arpit pvt ltd
2025-05-31 11:10:13.819 [http-nio-8080-exec-3] INFO  com.bookstore.bookstore_app.controller.UserController - POST /api/auth/login - Login attempt for email: arpit@gmail.com
2025-05-31 11:10:13.943 [http-nio-8080-exec-3] INFO  com.bookstore.bookstore_app.controller.UserController - User login successful via API - Email: arpit@gmail.com, Role: VENDOR
2025-05-31 11:10:13.989 [http-nio-8080-exec-2] INFO  com.bookstore.bookstore_app.controller.VendorController - GET /api/vendor/profile - Fetching vendor profile
2025-05-31 11:10:13.989 [http-nio-8080-exec-4] INFO  com.bookstore.bookstore_app.controller.VendorController - GET /api/vendor/books - Fetching vendor's books
2025-05-31 11:10:13.990 [http-nio-8080-exec-9] INFO  com.bookstore.bookstore_app.controller.CartController - GET /api/cart/2 - Fetching cart items
2025-05-31 11:10:13.998 [http-nio-8080-exec-9] INFO  com.bookstore.bookstore_app.controller.CartController - Retrieved 0 cart items via API for user ID: 2
2025-05-31 11:10:13.998 [http-nio-8080-exec-7] INFO  com.bookstore.bookstore_app.controller.OrderController - GET /api/orders/user/2 - Fetching user orders
2025-05-31 11:10:14.002 [http-nio-8080-exec-6] INFO  com.bookstore.bookstore_app.controller.AddressController - GET /api/addresses/user/2 - Fetching user addresses
2025-05-31 11:10:14.002 [http-nio-8080-exec-5] INFO  com.bookstore.bookstore_app.controller.WishlistController - GET /api/wishlist/2 - Fetching user wishlist
2025-05-31 11:10:14.003 [http-nio-8080-exec-7] INFO  com.bookstore.bookstore_app.controller.OrderController - Retrieved 0 orders via API for user ID: 2
2025-05-31 11:10:14.005 [http-nio-8080-exec-5] INFO  com.bookstore.bookstore_app.controller.WishlistController - Retrieved 0 wishlist items via API for user ID: 2
2025-05-31 11:10:14.005 [http-nio-8080-exec-6] INFO  com.bookstore.bookstore_app.controller.AddressController - Retrieved 0 addresses for user ID: 2
2025-05-31 11:10:14.012 [http-nio-8080-exec-10] INFO  com.bookstore.bookstore_app.controller.VendorController - GET /api/vendor/dashboard - Fetching vendor dashboard
2025-05-31 11:10:14.022 [http-nio-8080-exec-2] INFO  com.bookstore.bookstore_app.controller.VendorController - Vendor profile retrieved - Business: arpit pvt ltd
2025-05-31 11:10:14.029 [http-nio-8080-exec-4] INFO  com.bookstore.bookstore_app.controller.VendorController - Retrieved 0 books for vendor
2025-05-31 11:10:14.058 [http-nio-8080-exec-10] INFO  com.bookstore.bookstore_app.controller.VendorController - Vendor dashboard retrieved successfully
2025-05-31 11:10:40.961 [http-nio-8080-exec-4] INFO  com.bookstore.bookstore_app.controller.UserController - POST /api/auth/login - Login attempt for email: admin@test.com
2025-05-31 11:10:40.982 [http-nio-8080-exec-4] ERROR com.bookstore.bookstore_app.controller.UserController - Error during login via API - Email: admin@test.com - Error: Invalid credentials
com.bookstore.bookstore_app.exception.BusinessException: Invalid credentials
	at com.bookstore.bookstore_app.service.UserService.loginWithRoleInfo(UserService.java:199) ~[classes/:?]
	at com.bookstore.bookstore_app.controller.UserController.login(UserController.java:46) ~[classes/:?]
	at jdk.internal.reflect.DirectMethodHandleAccessor.invoke(DirectMethodHandleAccessor.java:103) ~[?:?]
	at java.lang.reflect.Method.invoke(Method.java:580) ~[?:?]
	at org.springframework.web.method.support.InvocableHandlerMethod.doInvoke(InvocableHandlerMethod.java:205) ~[spring-web-6.0.13.jar:6.0.13]
	at org.springframework.web.method.support.InvocableHandlerMethod.invokeForRequest(InvocableHandlerMethod.java:150) ~[spring-web-6.0.13.jar:6.0.13]
	at org.springframework.web.servlet.mvc.method.annotation.ServletInvocableHandlerMethod.invokeAndHandle(ServletInvocableHandlerMethod.java:118) ~[spring-webmvc-6.0.13.jar:6.0.13]
	at org.springframework.web.servlet.mvc.method.annotation.RequestMappingHandlerAdapter.invokeHandlerMethod(RequestMappingHandlerAdapter.java:884) ~[spring-webmvc-6.0.13.jar:6.0.13]
	at org.springframework.web.servlet.mvc.method.annotation.RequestMappingHandlerAdapter.handleInternal(RequestMappingHandlerAdapter.java:797) ~[spring-webmvc-6.0.13.jar:6.0.13]
	at org.springframework.web.servlet.mvc.method.AbstractHandlerMethodAdapter.handle(AbstractHandlerMethodAdapter.java:87) ~[spring-webmvc-6.0.13.jar:6.0.13]
	at org.springframework.web.servlet.DispatcherServlet.doDispatch(DispatcherServlet.java:1081) ~[spring-webmvc-6.0.13.jar:6.0.13]
	at org.springframework.web.servlet.DispatcherServlet.doService(DispatcherServlet.java:974) ~[spring-webmvc-6.0.13.jar:6.0.13]
	at org.springframework.web.servlet.FrameworkServlet.processRequest(FrameworkServlet.java:1011) ~[spring-webmvc-6.0.13.jar:6.0.13]
	at org.springframework.web.servlet.FrameworkServlet.doPost(FrameworkServlet.java:914) ~[spring-webmvc-6.0.13.jar:6.0.13]
	at jakarta.servlet.http.HttpServlet.service(HttpServlet.java:590) ~[tomcat-embed-core-10.1.15.jar:6.0]
	at org.springframework.web.servlet.FrameworkServlet.service(FrameworkServlet.java:885) ~[spring-webmvc-6.0.13.jar:6.0.13]
	at jakarta.servlet.http.HttpServlet.service(HttpServlet.java:658) ~[tomcat-embed-core-10.1.15.jar:6.0]
	at org.apache.catalina.core.ApplicationFilterChain.internalDoFilter(ApplicationFilterChain.java:205) ~[tomcat-embed-core-10.1.15.jar:10.1.15]
	at org.apache.catalina.core.ApplicationFilterChain.doFilter(ApplicationFilterChain.java:149) ~[tomcat-embed-core-10.1.15.jar:10.1.15]
	at org.apache.tomcat.websocket.server.WsFilter.doFilter(WsFilter.java:51) ~[tomcat-embed-websocket-10.1.15.jar:10.1.15]
	at org.apache.catalina.core.ApplicationFilterChain.internalDoFilter(ApplicationFilterChain.java:174) ~[tomcat-embed-core-10.1.15.jar:10.1.15]
	at org.apache.catalina.core.ApplicationFilterChain.doFilter(ApplicationFilterChain.java:149) ~[tomcat-embed-core-10.1.15.jar:10.1.15]
	at org.springframework.web.filter.OncePerRequestFilter.doFilter(OncePerRequestFilter.java:110) ~[spring-web-6.0.13.jar:6.0.13]
	at org.apache.catalina.core.ApplicationFilterChain.internalDoFilter(ApplicationFilterChain.java:174) ~[tomcat-embed-core-10.1.15.jar:10.1.15]
	at org.apache.catalina.core.ApplicationFilterChain.doFilter(ApplicationFilterChain.java:149) ~[tomcat-embed-core-10.1.15.jar:10.1.15]
	at org.springframework.security.web.FilterChainProxy.lambda$doFilterInternal$3(FilterChainProxy.java:231) ~[spring-security-web-6.1.5.jar:6.1.5]
	at org.springframework.security.web.FilterChainProxy$VirtualFilterChain.doFilter(FilterChainProxy.java:365) ~[spring-security-web-6.1.5.jar:6.1.5]
	at org.springframework.security.web.access.intercept.AuthorizationFilter.doFilter(AuthorizationFilter.java:100) ~[spring-security-web-6.1.5.jar:6.1.5]
	at org.springframework.security.web.FilterChainProxy$VirtualFilterChain.doFilter(FilterChainProxy.java:374) ~[spring-security-web-6.1.5.jar:6.1.5]
	at org.springframework.security.web.access.ExceptionTranslationFilter.doFilter(ExceptionTranslationFilter.java:126) ~[spring-security-web-6.1.5.jar:6.1.5]
	at org.springframework.security.web.access.ExceptionTranslationFilter.doFilter(ExceptionTranslationFilter.java:120) ~[spring-security-web-6.1.5.jar:6.1.5]
	at org.springframework.security.web.FilterChainProxy$VirtualFilterChain.doFilter(FilterChainProxy.java:374) ~[spring-security-web-6.1.5.jar:6.1.5]
	at org.springframework.security.web.session.SessionManagementFilter.doFilter(SessionManagementFilter.java:131) ~[spring-security-web-6.1.5.jar:6.1.5]
	at org.springframework.security.web.session.SessionManagementFilter.doFilter(SessionManagementFilter.java:85) ~[spring-security-web-6.1.5.jar:6.1.5]
	at org.springframework.security.web.FilterChainProxy$VirtualFilterChain.doFilter(FilterChainProxy.java:374) ~[spring-security-web-6.1.5.jar:6.1.5]
	at org.springframework.security.web.authentication.AnonymousAuthenticationFilter.doFilter(AnonymousAuthenticationFilter.java:100) ~[spring-security-web-6.1.5.jar:6.1.5]
	at org.springframework.security.web.FilterChainProxy$VirtualFilterChain.doFilter(FilterChainProxy.java:374) ~[spring-security-web-6.1.5.jar:6.1.5]
	at org.springframework.security.web.servletapi.SecurityContextHolderAwareRequestFilter.doFilter(SecurityContextHolderAwareRequestFilter.java:179) ~[spring-security-web-6.1.5.jar:6.1.5]
	at org.springframework.security.web.FilterChainProxy$VirtualFilterChain.doFilter(FilterChainProxy.java:374) ~[spring-security-web-6.1.5.jar:6.1.5]
	at org.springframework.security.web.savedrequest.RequestCacheAwareFilter.doFilter(RequestCacheAwareFilter.java:63) ~[spring-security-web-6.1.5.jar:6.1.5]
	at org.springframework.security.web.FilterChainProxy$VirtualFilterChain.doFilter(FilterChainProxy.java:374) ~[spring-security-web-6.1.5.jar:6.1.5]
	at com.bookstore.bookstore_app.config.JwtAuthenticationFilter.doFilterInternal(JwtAuthenticationFilter.java:35) ~[classes/:?]
	at org.springframework.web.filter.OncePerRequestFilter.doFilter(OncePerRequestFilter.java:116) ~[spring-web-6.0.13.jar:6.0.13]
	at org.springframework.security.web.FilterChainProxy$VirtualFilterChain.doFilter(FilterChainProxy.java:374) ~[spring-security-web-6.1.5.jar:6.1.5]
	at org.springframework.security.web.authentication.logout.LogoutFilter.doFilter(LogoutFilter.java:107) ~[spring-security-web-6.1.5.jar:6.1.5]
	at org.springframework.security.web.authentication.logout.LogoutFilter.doFilter(LogoutFilter.java:93) ~[spring-security-web-6.1.5.jar:6.1.5]
	at org.springframework.security.web.FilterChainProxy$VirtualFilterChain.doFilter(FilterChainProxy.java:374) ~[spring-security-web-6.1.5.jar:6.1.5]
	at org.springframework.web.filter.CorsFilter.doFilterInternal(CorsFilter.java:91) ~[spring-web-6.0.13.jar:6.0.13]
	at org.springframework.web.filter.OncePerRequestFilter.doFilter(OncePerRequestFilter.java:116) ~[spring-web-6.0.13.jar:6.0.13]
	at org.springframework.security.web.FilterChainProxy$VirtualFilterChain.doFilter(FilterChainProxy.java:374) ~[spring-security-web-6.1.5.jar:6.1.5]
	at org.springframework.security.web.header.HeaderWriterFilter.doHeadersAfter(HeaderWriterFilter.java:90) ~[spring-security-web-6.1.5.jar:6.1.5]
	at org.springframework.security.web.header.HeaderWriterFilter.doFilterInternal(HeaderWriterFilter.java:75) ~[spring-security-web-6.1.5.jar:6.1.5]
	at org.springframework.web.filter.OncePerRequestFilter.doFilter(OncePerRequestFilter.java:116) ~[spring-web-6.0.13.jar:6.0.13]
	at org.springframework.security.web.FilterChainProxy$VirtualFilterChain.doFilter(FilterChainProxy.java:374) ~[spring-security-web-6.1.5.jar:6.1.5]
	at org.springframework.security.web.context.SecurityContextHolderFilter.doFilter(SecurityContextHolderFilter.java:82) ~[spring-security-web-6.1.5.jar:6.1.5]
	at org.springframework.security.web.context.SecurityContextHolderFilter.doFilter(SecurityContextHolderFilter.java:69) ~[spring-security-web-6.1.5.jar:6.1.5]
	at org.springframework.security.web.FilterChainProxy$VirtualFilterChain.doFilter(FilterChainProxy.java:374) ~[spring-security-web-6.1.5.jar:6.1.5]
	at org.springframework.security.web.context.request.async.WebAsyncManagerIntegrationFilter.doFilterInternal(WebAsyncManagerIntegrationFilter.java:62) ~[spring-security-web-6.1.5.jar:6.1.5]
	at org.springframework.web.filter.OncePerRequestFilter.doFilter(OncePerRequestFilter.java:116) ~[spring-web-6.0.13.jar:6.0.13]
	at org.springframework.security.web.FilterChainProxy$VirtualFilterChain.doFilter(FilterChainProxy.java:374) ~[spring-security-web-6.1.5.jar:6.1.5]
	at org.springframework.security.web.session.DisableEncodeUrlFilter.doFilterInternal(DisableEncodeUrlFilter.java:42) ~[spring-security-web-6.1.5.jar:6.1.5]
	at org.springframework.web.filter.OncePerRequestFilter.doFilter(OncePerRequestFilter.java:116) ~[spring-web-6.0.13.jar:6.0.13]
	at org.springframework.security.web.FilterChainProxy$VirtualFilterChain.doFilter(FilterChainProxy.java:374) ~[spring-security-web-6.1.5.jar:6.1.5]
	at org.springframework.security.web.FilterChainProxy.doFilterInternal(FilterChainProxy.java:233) ~[spring-security-web-6.1.5.jar:6.1.5]
	at org.springframework.security.web.FilterChainProxy.doFilter(FilterChainProxy.java:191) ~[spring-security-web-6.1.5.jar:6.1.5]
	at org.springframework.web.filter.DelegatingFilterProxy.invokeDelegate(DelegatingFilterProxy.java:352) ~[spring-web-6.0.13.jar:6.0.13]
	at org.springframework.web.filter.DelegatingFilterProxy.doFilter(DelegatingFilterProxy.java:268) ~[spring-web-6.0.13.jar:6.0.13]
	at org.apache.catalina.core.ApplicationFilterChain.internalDoFilter(ApplicationFilterChain.java:174) ~[tomcat-embed-core-10.1.15.jar:10.1.15]
	at org.apache.catalina.core.ApplicationFilterChain.doFilter(ApplicationFilterChain.java:149) ~[tomcat-embed-core-10.1.15.jar:10.1.15]
	at org.springframework.web.filter.RequestContextFilter.doFilterInternal(RequestContextFilter.java:100) ~[spring-web-6.0.13.jar:6.0.13]
	at org.springframework.web.filter.OncePerRequestFilter.doFilter(OncePerRequestFilter.java:116) ~[spring-web-6.0.13.jar:6.0.13]
	at org.apache.catalina.core.ApplicationFilterChain.internalDoFilter(ApplicationFilterChain.java:174) ~[tomcat-embed-core-10.1.15.jar:10.1.15]
	at org.apache.catalina.core.ApplicationFilterChain.doFilter(ApplicationFilterChain.java:149) ~[tomcat-embed-core-10.1.15.jar:10.1.15]
	at org.springframework.web.filter.FormContentFilter.doFilterInternal(FormContentFilter.java:93) ~[spring-web-6.0.13.jar:6.0.13]
	at org.springframework.web.filter.OncePerRequestFilter.doFilter(OncePerRequestFilter.java:116) ~[spring-web-6.0.13.jar:6.0.13]
	at org.apache.catalina.core.ApplicationFilterChain.internalDoFilter(ApplicationFilterChain.java:174) ~[tomcat-embed-core-10.1.15.jar:10.1.15]
	at org.apache.catalina.core.ApplicationFilterChain.doFilter(ApplicationFilterChain.java:149) ~[tomcat-embed-core-10.1.15.jar:10.1.15]
	at org.springframework.web.filter.CharacterEncodingFilter.doFilterInternal(CharacterEncodingFilter.java:201) ~[spring-web-6.0.13.jar:6.0.13]
	at org.springframework.web.filter.OncePerRequestFilter.doFilter(OncePerRequestFilter.java:116) ~[spring-web-6.0.13.jar:6.0.13]
	at org.apache.catalina.core.ApplicationFilterChain.internalDoFilter(ApplicationFilterChain.java:174) ~[tomcat-embed-core-10.1.15.jar:10.1.15]
	at org.apache.catalina.core.ApplicationFilterChain.doFilter(ApplicationFilterChain.java:149) ~[tomcat-embed-core-10.1.15.jar:10.1.15]
	at org.apache.catalina.core.StandardWrapperValve.invoke(StandardWrapperValve.java:167) ~[tomcat-embed-core-10.1.15.jar:10.1.15]
	at org.apache.catalina.core.StandardContextValve.invoke(StandardContextValve.java:90) ~[tomcat-embed-core-10.1.15.jar:10.1.15]
	at org.apache.catalina.authenticator.AuthenticatorBase.invoke(AuthenticatorBase.java:482) ~[tomcat-embed-core-10.1.15.jar:10.1.15]
	at org.apache.catalina.core.StandardHostValve.invoke(StandardHostValve.java:115) ~[tomcat-embed-core-10.1.15.jar:10.1.15]
	at org.apache.catalina.valves.ErrorReportValve.invoke(ErrorReportValve.java:93) ~[tomcat-embed-core-10.1.15.jar:10.1.15]
	at org.apache.catalina.core.StandardEngineValve.invoke(StandardEngineValve.java:74) ~[tomcat-embed-core-10.1.15.jar:10.1.15]
	at org.apache.catalina.connector.CoyoteAdapter.service(CoyoteAdapter.java:340) ~[tomcat-embed-core-10.1.15.jar:10.1.15]
	at org.apache.coyote.http11.Http11Processor.service(Http11Processor.java:391) ~[tomcat-embed-core-10.1.15.jar:10.1.15]
	at org.apache.coyote.AbstractProcessorLight.process(AbstractProcessorLight.java:63) ~[tomcat-embed-core-10.1.15.jar:10.1.15]
	at org.apache.coyote.AbstractProtocol$ConnectionHandler.process(AbstractProtocol.java:896) ~[tomcat-embed-core-10.1.15.jar:10.1.15]
	at org.apache.tomcat.util.net.NioEndpoint$SocketProcessor.doRun(NioEndpoint.java:1744) ~[tomcat-embed-core-10.1.15.jar:10.1.15]
	at org.apache.tomcat.util.net.SocketProcessorBase.run(SocketProcessorBase.java:52) ~[tomcat-embed-core-10.1.15.jar:10.1.15]
	at org.apache.tomcat.util.threads.ThreadPoolExecutor.runWorker(ThreadPoolExecutor.java:1191) ~[tomcat-embed-core-10.1.15.jar:10.1.15]
	at org.apache.tomcat.util.threads.ThreadPoolExecutor$Worker.run(ThreadPoolExecutor.java:659) ~[tomcat-embed-core-10.1.15.jar:10.1.15]
	at org.apache.tomcat.util.threads.TaskThread$WrappingRunnable.run(TaskThread.java:61) ~[tomcat-embed-core-10.1.15.jar:10.1.15]
	at java.lang.Thread.run(Thread.java:1575) [?:?]
2025-05-31 11:13:15.178 [http-nio-8080-exec-2] INFO  com.bookstore.bookstore_app.controller.UserController - POST /api/auth/register-admin - Admin registration attempt for email: admin@test.com
2025-05-31 11:13:15.297 [http-nio-8080-exec-2] INFO  com.bookstore.bookstore_app.controller.UserController - Admin user registration successful via API - Email: admin@test.com
2025-05-31 11:13:36.453 [http-nio-8080-exec-3] INFO  com.bookstore.bookstore_app.controller.UserController - POST /api/auth/login - Login attempt for email: admin@test.com
2025-05-31 11:13:36.557 [http-nio-8080-exec-3] INFO  com.bookstore.bookstore_app.controller.UserController - User login successful via API - Email: admin@test.com, Role: ADMIN
2025-05-31 11:13:36.602 [http-nio-8080-exec-3] INFO  com.bookstore.bookstore_app.controller.WishlistController - GET /api/wishlist/3 - Fetching user wishlist
2025-05-31 11:13:36.602 [http-nio-8080-exec-5] INFO  com.bookstore.bookstore_app.controller.CartController - GET /api/cart/3 - Fetching cart items
2025-05-31 11:13:36.603 [http-nio-8080-exec-7] INFO  com.bookstore.bookstore_app.controller.OrderController - GET /api/orders/user/3 - Fetching user orders
2025-05-31 11:13:36.609 [http-nio-8080-exec-1] INFO  com.bookstore.bookstore_app.controller.AdminController - GET /api/admin/books/pending - Fetching pending books
2025-05-31 11:13:36.609 [http-nio-8080-exec-9] INFO  com.bookstore.bookstore_app.controller.AdminController - GET /api/admin/dashboard - Fetching admin dashboard
2025-05-31 11:13:36.613 [http-nio-8080-exec-2] INFO  com.bookstore.bookstore_app.controller.AddressController - GET /api/addresses/user/3 - Fetching user addresses
2025-05-31 11:13:36.614 [http-nio-8080-exec-7] INFO  com.bookstore.bookstore_app.controller.OrderController - Retrieved 0 orders via API for user ID: 3
2025-05-31 11:13:36.614 [http-nio-8080-exec-5] INFO  com.bookstore.bookstore_app.controller.CartController - Retrieved 0 cart items via API for user ID: 3
2025-05-31 11:13:36.617 [http-nio-8080-exec-3] INFO  com.bookstore.bookstore_app.controller.WishlistController - Retrieved 0 wishlist items via API for user ID: 3
2025-05-31 11:13:36.619 [http-nio-8080-exec-2] INFO  com.bookstore.bookstore_app.controller.AddressController - Retrieved 0 addresses for user ID: 3
2025-05-31 11:13:36.625 [http-nio-8080-exec-1] INFO  com.bookstore.bookstore_app.controller.AdminController - Retrieved 0 pending books via API
2025-05-31 11:13:36.641 [http-nio-8080-exec-6] INFO  com.bookstore.bookstore_app.controller.AdminController - GET /api/admin/vendors/pending - Fetching pending vendors
2025-05-31 11:13:36.647 [http-nio-8080-exec-6] INFO  com.bookstore.bookstore_app.controller.AdminController - Retrieved 1 pending vendors via API
2025-05-31 11:13:36.725 [http-nio-8080-exec-9] ERROR com.bookstore.bookstore_app.controller.AdminController - Error fetching admin dashboard via API - Error: null
java.lang.NullPointerException: null
	at java.util.Objects.requireNonNull(Objects.java:220) ~[?:?]
	at java.util.ImmutableCollections$MapN.<init>(ImmutableCollections.java:1195) ~[?:?]
	at java.util.Map.of(Map.java:1384) ~[?:?]
	at com.bookstore.bookstore_app.service.AdminService.getAdminDashboard(AdminService.java:265) ~[classes/:?]
	at com.bookstore.bookstore_app.controller.AdminController.getAdminDashboard(AdminController.java:160) ~[classes/:?]
	at jdk.internal.reflect.DirectMethodHandleAccessor.invoke(DirectMethodHandleAccessor.java:103) ~[?:?]
	at java.lang.reflect.Method.invoke(Method.java:580) ~[?:?]
	at org.springframework.web.method.support.InvocableHandlerMethod.doInvoke(InvocableHandlerMethod.java:205) ~[spring-web-6.0.13.jar:6.0.13]
	at org.springframework.web.method.support.InvocableHandlerMethod.invokeForRequest(InvocableHandlerMethod.java:150) ~[spring-web-6.0.13.jar:6.0.13]
	at org.springframework.web.servlet.mvc.method.annotation.ServletInvocableHandlerMethod.invokeAndHandle(ServletInvocableHandlerMethod.java:118) ~[spring-webmvc-6.0.13.jar:6.0.13]
	at org.springframework.web.servlet.mvc.method.annotation.RequestMappingHandlerAdapter.invokeHandlerMethod(RequestMappingHandlerAdapter.java:884) ~[spring-webmvc-6.0.13.jar:6.0.13]
	at org.springframework.web.servlet.mvc.method.annotation.RequestMappingHandlerAdapter.handleInternal(RequestMappingHandlerAdapter.java:797) ~[spring-webmvc-6.0.13.jar:6.0.13]
	at org.springframework.web.servlet.mvc.method.AbstractHandlerMethodAdapter.handle(AbstractHandlerMethodAdapter.java:87) ~[spring-webmvc-6.0.13.jar:6.0.13]
	at org.springframework.web.servlet.DispatcherServlet.doDispatch(DispatcherServlet.java:1081) ~[spring-webmvc-6.0.13.jar:6.0.13]
	at org.springframework.web.servlet.DispatcherServlet.doService(DispatcherServlet.java:974) ~[spring-webmvc-6.0.13.jar:6.0.13]
	at org.springframework.web.servlet.FrameworkServlet.processRequest(FrameworkServlet.java:1011) ~[spring-webmvc-6.0.13.jar:6.0.13]
	at org.springframework.web.servlet.FrameworkServlet.doGet(FrameworkServlet.java:903) ~[spring-webmvc-6.0.13.jar:6.0.13]
	at jakarta.servlet.http.HttpServlet.service(HttpServlet.java:564) ~[tomcat-embed-core-10.1.15.jar:6.0]
	at org.springframework.web.servlet.FrameworkServlet.service(FrameworkServlet.java:885) ~[spring-webmvc-6.0.13.jar:6.0.13]
	at jakarta.servlet.http.HttpServlet.service(HttpServlet.java:658) ~[tomcat-embed-core-10.1.15.jar:6.0]
	at org.apache.catalina.core.ApplicationFilterChain.internalDoFilter(ApplicationFilterChain.java:205) ~[tomcat-embed-core-10.1.15.jar:10.1.15]
	at org.apache.catalina.core.ApplicationFilterChain.doFilter(ApplicationFilterChain.java:149) ~[tomcat-embed-core-10.1.15.jar:10.1.15]
	at org.apache.tomcat.websocket.server.WsFilter.doFilter(WsFilter.java:51) ~[tomcat-embed-websocket-10.1.15.jar:10.1.15]
	at org.apache.catalina.core.ApplicationFilterChain.internalDoFilter(ApplicationFilterChain.java:174) ~[tomcat-embed-core-10.1.15.jar:10.1.15]
	at org.apache.catalina.core.ApplicationFilterChain.doFilter(ApplicationFilterChain.java:149) ~[tomcat-embed-core-10.1.15.jar:10.1.15]
	at org.springframework.web.filter.OncePerRequestFilter.doFilter(OncePerRequestFilter.java:110) ~[spring-web-6.0.13.jar:6.0.13]
	at org.apache.catalina.core.ApplicationFilterChain.internalDoFilter(ApplicationFilterChain.java:174) ~[tomcat-embed-core-10.1.15.jar:10.1.15]
	at org.apache.catalina.core.ApplicationFilterChain.doFilter(ApplicationFilterChain.java:149) ~[tomcat-embed-core-10.1.15.jar:10.1.15]
	at org.springframework.security.web.FilterChainProxy.lambda$doFilterInternal$3(FilterChainProxy.java:231) ~[spring-security-web-6.1.5.jar:6.1.5]
	at org.springframework.security.web.FilterChainProxy$VirtualFilterChain.doFilter(FilterChainProxy.java:365) ~[spring-security-web-6.1.5.jar:6.1.5]
	at org.springframework.security.web.access.intercept.AuthorizationFilter.doFilter(AuthorizationFilter.java:100) ~[spring-security-web-6.1.5.jar:6.1.5]
	at org.springframework.security.web.FilterChainProxy$VirtualFilterChain.doFilter(FilterChainProxy.java:374) ~[spring-security-web-6.1.5.jar:6.1.5]
	at org.springframework.security.web.access.ExceptionTranslationFilter.doFilter(ExceptionTranslationFilter.java:126) ~[spring-security-web-6.1.5.jar:6.1.5]
	at org.springframework.security.web.access.ExceptionTranslationFilter.doFilter(ExceptionTranslationFilter.java:120) ~[spring-security-web-6.1.5.jar:6.1.5]
	at org.springframework.security.web.FilterChainProxy$VirtualFilterChain.doFilter(FilterChainProxy.java:374) ~[spring-security-web-6.1.5.jar:6.1.5]
	at org.springframework.security.web.session.SessionManagementFilter.doFilter(SessionManagementFilter.java:131) ~[spring-security-web-6.1.5.jar:6.1.5]
	at org.springframework.security.web.session.SessionManagementFilter.doFilter(SessionManagementFilter.java:85) ~[spring-security-web-6.1.5.jar:6.1.5]
	at org.springframework.security.web.FilterChainProxy$VirtualFilterChain.doFilter(FilterChainProxy.java:374) ~[spring-security-web-6.1.5.jar:6.1.5]
	at org.springframework.security.web.authentication.AnonymousAuthenticationFilter.doFilter(AnonymousAuthenticationFilter.java:100) ~[spring-security-web-6.1.5.jar:6.1.5]
	at org.springframework.security.web.FilterChainProxy$VirtualFilterChain.doFilter(FilterChainProxy.java:374) ~[spring-security-web-6.1.5.jar:6.1.5]
	at org.springframework.security.web.servletapi.SecurityContextHolderAwareRequestFilter.doFilter(SecurityContextHolderAwareRequestFilter.java:179) ~[spring-security-web-6.1.5.jar:6.1.5]
	at org.springframework.security.web.FilterChainProxy$VirtualFilterChain.doFilter(FilterChainProxy.java:374) ~[spring-security-web-6.1.5.jar:6.1.5]
	at org.springframework.security.web.savedrequest.RequestCacheAwareFilter.doFilter(RequestCacheAwareFilter.java:63) ~[spring-security-web-6.1.5.jar:6.1.5]
	at org.springframework.security.web.FilterChainProxy$VirtualFilterChain.doFilter(FilterChainProxy.java:374) ~[spring-security-web-6.1.5.jar:6.1.5]
	at com.bookstore.bookstore_app.config.JwtAuthenticationFilter.doFilterInternal(JwtAuthenticationFilter.java:82) ~[classes/:?]
	at org.springframework.web.filter.OncePerRequestFilter.doFilter(OncePerRequestFilter.java:116) ~[spring-web-6.0.13.jar:6.0.13]
	at org.springframework.security.web.FilterChainProxy$VirtualFilterChain.doFilter(FilterChainProxy.java:374) ~[spring-security-web-6.1.5.jar:6.1.5]
	at org.springframework.security.web.authentication.logout.LogoutFilter.doFilter(LogoutFilter.java:107) ~[spring-security-web-6.1.5.jar:6.1.5]
	at org.springframework.security.web.authentication.logout.LogoutFilter.doFilter(LogoutFilter.java:93) ~[spring-security-web-6.1.5.jar:6.1.5]
	at org.springframework.security.web.FilterChainProxy$VirtualFilterChain.doFilter(FilterChainProxy.java:374) ~[spring-security-web-6.1.5.jar:6.1.5]
	at org.springframework.web.filter.CorsFilter.doFilterInternal(CorsFilter.java:91) ~[spring-web-6.0.13.jar:6.0.13]
	at org.springframework.web.filter.OncePerRequestFilter.doFilter(OncePerRequestFilter.java:116) ~[spring-web-6.0.13.jar:6.0.13]
	at org.springframework.security.web.FilterChainProxy$VirtualFilterChain.doFilter(FilterChainProxy.java:374) ~[spring-security-web-6.1.5.jar:6.1.5]
	at org.springframework.security.web.header.HeaderWriterFilter.doHeadersAfter(HeaderWriterFilter.java:90) ~[spring-security-web-6.1.5.jar:6.1.5]
	at org.springframework.security.web.header.HeaderWriterFilter.doFilterInternal(HeaderWriterFilter.java:75) ~[spring-security-web-6.1.5.jar:6.1.5]
	at org.springframework.web.filter.OncePerRequestFilter.doFilter(OncePerRequestFilter.java:116) ~[spring-web-6.0.13.jar:6.0.13]
	at org.springframework.security.web.FilterChainProxy$VirtualFilterChain.doFilter(FilterChainProxy.java:374) ~[spring-security-web-6.1.5.jar:6.1.5]
	at org.springframework.security.web.context.SecurityContextHolderFilter.doFilter(SecurityContextHolderFilter.java:82) ~[spring-security-web-6.1.5.jar:6.1.5]
	at org.springframework.security.web.context.SecurityContextHolderFilter.doFilter(SecurityContextHolderFilter.java:69) ~[spring-security-web-6.1.5.jar:6.1.5]
	at org.springframework.security.web.FilterChainProxy$VirtualFilterChain.doFilter(FilterChainProxy.java:374) ~[spring-security-web-6.1.5.jar:6.1.5]
	at org.springframework.security.web.context.request.async.WebAsyncManagerIntegrationFilter.doFilterInternal(WebAsyncManagerIntegrationFilter.java:62) ~[spring-security-web-6.1.5.jar:6.1.5]
	at org.springframework.web.filter.OncePerRequestFilter.doFilter(OncePerRequestFilter.java:116) ~[spring-web-6.0.13.jar:6.0.13]
	at org.springframework.security.web.FilterChainProxy$VirtualFilterChain.doFilter(FilterChainProxy.java:374) ~[spring-security-web-6.1.5.jar:6.1.5]
	at org.springframework.security.web.session.DisableEncodeUrlFilter.doFilterInternal(DisableEncodeUrlFilter.java:42) ~[spring-security-web-6.1.5.jar:6.1.5]
	at org.springframework.web.filter.OncePerRequestFilter.doFilter(OncePerRequestFilter.java:116) ~[spring-web-6.0.13.jar:6.0.13]
	at org.springframework.security.web.FilterChainProxy$VirtualFilterChain.doFilter(FilterChainProxy.java:374) ~[spring-security-web-6.1.5.jar:6.1.5]
	at org.springframework.security.web.FilterChainProxy.doFilterInternal(FilterChainProxy.java:233) ~[spring-security-web-6.1.5.jar:6.1.5]
	at org.springframework.security.web.FilterChainProxy.doFilter(FilterChainProxy.java:191) ~[spring-security-web-6.1.5.jar:6.1.5]
	at org.springframework.web.filter.DelegatingFilterProxy.invokeDelegate(DelegatingFilterProxy.java:352) ~[spring-web-6.0.13.jar:6.0.13]
	at org.springframework.web.filter.DelegatingFilterProxy.doFilter(DelegatingFilterProxy.java:268) ~[spring-web-6.0.13.jar:6.0.13]
	at org.apache.catalina.core.ApplicationFilterChain.internalDoFilter(ApplicationFilterChain.java:174) ~[tomcat-embed-core-10.1.15.jar:10.1.15]
	at org.apache.catalina.core.ApplicationFilterChain.doFilter(ApplicationFilterChain.java:149) ~[tomcat-embed-core-10.1.15.jar:10.1.15]
	at org.springframework.web.filter.RequestContextFilter.doFilterInternal(RequestContextFilter.java:100) ~[spring-web-6.0.13.jar:6.0.13]
	at org.springframework.web.filter.OncePerRequestFilter.doFilter(OncePerRequestFilter.java:116) ~[spring-web-6.0.13.jar:6.0.13]
	at org.apache.catalina.core.ApplicationFilterChain.internalDoFilter(ApplicationFilterChain.java:174) ~[tomcat-embed-core-10.1.15.jar:10.1.15]
	at org.apache.catalina.core.ApplicationFilterChain.doFilter(ApplicationFilterChain.java:149) ~[tomcat-embed-core-10.1.15.jar:10.1.15]
	at org.springframework.web.filter.FormContentFilter.doFilterInternal(FormContentFilter.java:93) ~[spring-web-6.0.13.jar:6.0.13]
	at org.springframework.web.filter.OncePerRequestFilter.doFilter(OncePerRequestFilter.java:116) ~[spring-web-6.0.13.jar:6.0.13]
	at org.apache.catalina.core.ApplicationFilterChain.internalDoFilter(ApplicationFilterChain.java:174) ~[tomcat-embed-core-10.1.15.jar:10.1.15]
	at org.apache.catalina.core.ApplicationFilterChain.doFilter(ApplicationFilterChain.java:149) ~[tomcat-embed-core-10.1.15.jar:10.1.15]
	at org.springframework.web.filter.CharacterEncodingFilter.doFilterInternal(CharacterEncodingFilter.java:201) ~[spring-web-6.0.13.jar:6.0.13]
	at org.springframework.web.filter.OncePerRequestFilter.doFilter(OncePerRequestFilter.java:116) ~[spring-web-6.0.13.jar:6.0.13]
	at org.apache.catalina.core.ApplicationFilterChain.internalDoFilter(ApplicationFilterChain.java:174) ~[tomcat-embed-core-10.1.15.jar:10.1.15]
	at org.apache.catalina.core.ApplicationFilterChain.doFilter(ApplicationFilterChain.java:149) ~[tomcat-embed-core-10.1.15.jar:10.1.15]
	at org.apache.catalina.core.StandardWrapperValve.invoke(StandardWrapperValve.java:167) ~[tomcat-embed-core-10.1.15.jar:10.1.15]
	at org.apache.catalina.core.StandardContextValve.invoke(StandardContextValve.java:90) ~[tomcat-embed-core-10.1.15.jar:10.1.15]
	at org.apache.catalina.authenticator.AuthenticatorBase.invoke(AuthenticatorBase.java:482) ~[tomcat-embed-core-10.1.15.jar:10.1.15]
	at org.apache.catalina.core.StandardHostValve.invoke(StandardHostValve.java:115) ~[tomcat-embed-core-10.1.15.jar:10.1.15]
	at org.apache.catalina.valves.ErrorReportValve.invoke(ErrorReportValve.java:93) ~[tomcat-embed-core-10.1.15.jar:10.1.15]
	at org.apache.catalina.core.StandardEngineValve.invoke(StandardEngineValve.java:74) ~[tomcat-embed-core-10.1.15.jar:10.1.15]
	at org.apache.catalina.connector.CoyoteAdapter.service(CoyoteAdapter.java:340) ~[tomcat-embed-core-10.1.15.jar:10.1.15]
	at org.apache.coyote.http11.Http11Processor.service(Http11Processor.java:391) ~[tomcat-embed-core-10.1.15.jar:10.1.15]
	at org.apache.coyote.AbstractProcessorLight.process(AbstractProcessorLight.java:63) ~[tomcat-embed-core-10.1.15.jar:10.1.15]
	at org.apache.coyote.AbstractProtocol$ConnectionHandler.process(AbstractProtocol.java:896) ~[tomcat-embed-core-10.1.15.jar:10.1.15]
	at org.apache.tomcat.util.net.NioEndpoint$SocketProcessor.doRun(NioEndpoint.java:1744) ~[tomcat-embed-core-10.1.15.jar:10.1.15]
	at org.apache.tomcat.util.net.SocketProcessorBase.run(SocketProcessorBase.java:52) ~[tomcat-embed-core-10.1.15.jar:10.1.15]
	at org.apache.tomcat.util.threads.ThreadPoolExecutor.runWorker(ThreadPoolExecutor.java:1191) ~[tomcat-embed-core-10.1.15.jar:10.1.15]
	at org.apache.tomcat.util.threads.ThreadPoolExecutor$Worker.run(ThreadPoolExecutor.java:659) ~[tomcat-embed-core-10.1.15.jar:10.1.15]
	at org.apache.tomcat.util.threads.TaskThread$WrappingRunnable.run(TaskThread.java:61) ~[tomcat-embed-core-10.1.15.jar:10.1.15]
	at java.lang.Thread.run(Thread.java:1575) [?:?]
2025-05-31 11:13:43.078 [http-nio-8080-exec-2] INFO  com.bookstore.bookstore_app.controller.AdminController - PUT /api/admin/vendors/1/approve - Approving vendor
2025-05-31 11:13:43.103 [http-nio-8080-exec-2] INFO  com.bookstore.bookstore_app.controller.AdminController - Vendor approved successfully via API - Vendor ID: 1, Business: arpit pvt ltd
2025-05-31 11:13:43.114 [http-nio-8080-exec-6] INFO  com.bookstore.bookstore_app.controller.AdminController - GET /api/admin/vendors/pending - Fetching pending vendors
2025-05-31 11:13:43.118 [http-nio-8080-exec-6] INFO  com.bookstore.bookstore_app.controller.AdminController - Retrieved 0 pending vendors via API
2025-05-31 11:13:43.129 [http-nio-8080-exec-7] INFO  com.bookstore.bookstore_app.controller.AdminController - GET /api/admin/dashboard - Fetching admin dashboard
2025-05-31 11:13:43.146 [http-nio-8080-exec-7] ERROR com.bookstore.bookstore_app.controller.AdminController - Error fetching admin dashboard via API - Error: null
java.lang.NullPointerException: null
	at java.util.Objects.requireNonNull(Objects.java:220) ~[?:?]
	at java.util.ImmutableCollections$MapN.<init>(ImmutableCollections.java:1195) ~[?:?]
	at java.util.Map.of(Map.java:1384) ~[?:?]
	at com.bookstore.bookstore_app.service.AdminService.getAdminDashboard(AdminService.java:265) ~[classes/:?]
	at com.bookstore.bookstore_app.controller.AdminController.getAdminDashboard(AdminController.java:160) ~[classes/:?]
	at jdk.internal.reflect.DirectMethodHandleAccessor.invoke(DirectMethodHandleAccessor.java:103) ~[?:?]
	at java.lang.reflect.Method.invoke(Method.java:580) ~[?:?]
	at org.springframework.web.method.support.InvocableHandlerMethod.doInvoke(InvocableHandlerMethod.java:205) ~[spring-web-6.0.13.jar:6.0.13]
	at org.springframework.web.method.support.InvocableHandlerMethod.invokeForRequest(InvocableHandlerMethod.java:150) ~[spring-web-6.0.13.jar:6.0.13]
	at org.springframework.web.servlet.mvc.method.annotation.ServletInvocableHandlerMethod.invokeAndHandle(ServletInvocableHandlerMethod.java:118) ~[spring-webmvc-6.0.13.jar:6.0.13]
	at org.springframework.web.servlet.mvc.method.annotation.RequestMappingHandlerAdapter.invokeHandlerMethod(RequestMappingHandlerAdapter.java:884) ~[spring-webmvc-6.0.13.jar:6.0.13]
	at org.springframework.web.servlet.mvc.method.annotation.RequestMappingHandlerAdapter.handleInternal(RequestMappingHandlerAdapter.java:797) ~[spring-webmvc-6.0.13.jar:6.0.13]
	at org.springframework.web.servlet.mvc.method.AbstractHandlerMethodAdapter.handle(AbstractHandlerMethodAdapter.java:87) ~[spring-webmvc-6.0.13.jar:6.0.13]
	at org.springframework.web.servlet.DispatcherServlet.doDispatch(DispatcherServlet.java:1081) ~[spring-webmvc-6.0.13.jar:6.0.13]
	at org.springframework.web.servlet.DispatcherServlet.doService(DispatcherServlet.java:974) ~[spring-webmvc-6.0.13.jar:6.0.13]
	at org.springframework.web.servlet.FrameworkServlet.processRequest(FrameworkServlet.java:1011) ~[spring-webmvc-6.0.13.jar:6.0.13]
	at org.springframework.web.servlet.FrameworkServlet.doGet(FrameworkServlet.java:903) ~[spring-webmvc-6.0.13.jar:6.0.13]
	at jakarta.servlet.http.HttpServlet.service(HttpServlet.java:564) ~[tomcat-embed-core-10.1.15.jar:6.0]
	at org.springframework.web.servlet.FrameworkServlet.service(FrameworkServlet.java:885) ~[spring-webmvc-6.0.13.jar:6.0.13]
	at jakarta.servlet.http.HttpServlet.service(HttpServlet.java:658) ~[tomcat-embed-core-10.1.15.jar:6.0]
	at org.apache.catalina.core.ApplicationFilterChain.internalDoFilter(ApplicationFilterChain.java:205) ~[tomcat-embed-core-10.1.15.jar:10.1.15]
	at org.apache.catalina.core.ApplicationFilterChain.doFilter(ApplicationFilterChain.java:149) ~[tomcat-embed-core-10.1.15.jar:10.1.15]
	at org.apache.tomcat.websocket.server.WsFilter.doFilter(WsFilter.java:51) ~[tomcat-embed-websocket-10.1.15.jar:10.1.15]
	at org.apache.catalina.core.ApplicationFilterChain.internalDoFilter(ApplicationFilterChain.java:174) ~[tomcat-embed-core-10.1.15.jar:10.1.15]
	at org.apache.catalina.core.ApplicationFilterChain.doFilter(ApplicationFilterChain.java:149) ~[tomcat-embed-core-10.1.15.jar:10.1.15]
	at org.springframework.web.filter.OncePerRequestFilter.doFilter(OncePerRequestFilter.java:110) ~[spring-web-6.0.13.jar:6.0.13]
	at org.apache.catalina.core.ApplicationFilterChain.internalDoFilter(ApplicationFilterChain.java:174) ~[tomcat-embed-core-10.1.15.jar:10.1.15]
	at org.apache.catalina.core.ApplicationFilterChain.doFilter(ApplicationFilterChain.java:149) ~[tomcat-embed-core-10.1.15.jar:10.1.15]
	at org.springframework.security.web.FilterChainProxy.lambda$doFilterInternal$3(FilterChainProxy.java:231) ~[spring-security-web-6.1.5.jar:6.1.5]
	at org.springframework.security.web.FilterChainProxy$VirtualFilterChain.doFilter(FilterChainProxy.java:365) ~[spring-security-web-6.1.5.jar:6.1.5]
	at org.springframework.security.web.access.intercept.AuthorizationFilter.doFilter(AuthorizationFilter.java:100) ~[spring-security-web-6.1.5.jar:6.1.5]
	at org.springframework.security.web.FilterChainProxy$VirtualFilterChain.doFilter(FilterChainProxy.java:374) ~[spring-security-web-6.1.5.jar:6.1.5]
	at org.springframework.security.web.access.ExceptionTranslationFilter.doFilter(ExceptionTranslationFilter.java:126) ~[spring-security-web-6.1.5.jar:6.1.5]
	at org.springframework.security.web.access.ExceptionTranslationFilter.doFilter(ExceptionTranslationFilter.java:120) ~[spring-security-web-6.1.5.jar:6.1.5]
	at org.springframework.security.web.FilterChainProxy$VirtualFilterChain.doFilter(FilterChainProxy.java:374) ~[spring-security-web-6.1.5.jar:6.1.5]
	at org.springframework.security.web.session.SessionManagementFilter.doFilter(SessionManagementFilter.java:131) ~[spring-security-web-6.1.5.jar:6.1.5]
	at org.springframework.security.web.session.SessionManagementFilter.doFilter(SessionManagementFilter.java:85) ~[spring-security-web-6.1.5.jar:6.1.5]
	at org.springframework.security.web.FilterChainProxy$VirtualFilterChain.doFilter(FilterChainProxy.java:374) ~[spring-security-web-6.1.5.jar:6.1.5]
	at org.springframework.security.web.authentication.AnonymousAuthenticationFilter.doFilter(AnonymousAuthenticationFilter.java:100) ~[spring-security-web-6.1.5.jar:6.1.5]
	at org.springframework.security.web.FilterChainProxy$VirtualFilterChain.doFilter(FilterChainProxy.java:374) ~[spring-security-web-6.1.5.jar:6.1.5]
	at org.springframework.security.web.servletapi.SecurityContextHolderAwareRequestFilter.doFilter(SecurityContextHolderAwareRequestFilter.java:179) ~[spring-security-web-6.1.5.jar:6.1.5]
	at org.springframework.security.web.FilterChainProxy$VirtualFilterChain.doFilter(FilterChainProxy.java:374) ~[spring-security-web-6.1.5.jar:6.1.5]
	at org.springframework.security.web.savedrequest.RequestCacheAwareFilter.doFilter(RequestCacheAwareFilter.java:63) ~[spring-security-web-6.1.5.jar:6.1.5]
	at org.springframework.security.web.FilterChainProxy$VirtualFilterChain.doFilter(FilterChainProxy.java:374) ~[spring-security-web-6.1.5.jar:6.1.5]
	at com.bookstore.bookstore_app.config.JwtAuthenticationFilter.doFilterInternal(JwtAuthenticationFilter.java:82) ~[classes/:?]
	at org.springframework.web.filter.OncePerRequestFilter.doFilter(OncePerRequestFilter.java:116) ~[spring-web-6.0.13.jar:6.0.13]
	at org.springframework.security.web.FilterChainProxy$VirtualFilterChain.doFilter(FilterChainProxy.java:374) ~[spring-security-web-6.1.5.jar:6.1.5]
	at org.springframework.security.web.authentication.logout.LogoutFilter.doFilter(LogoutFilter.java:107) ~[spring-security-web-6.1.5.jar:6.1.5]
	at org.springframework.security.web.authentication.logout.LogoutFilter.doFilter(LogoutFilter.java:93) ~[spring-security-web-6.1.5.jar:6.1.5]
	at org.springframework.security.web.FilterChainProxy$VirtualFilterChain.doFilter(FilterChainProxy.java:374) ~[spring-security-web-6.1.5.jar:6.1.5]
	at org.springframework.web.filter.CorsFilter.doFilterInternal(CorsFilter.java:91) ~[spring-web-6.0.13.jar:6.0.13]
	at org.springframework.web.filter.OncePerRequestFilter.doFilter(OncePerRequestFilter.java:116) ~[spring-web-6.0.13.jar:6.0.13]
	at org.springframework.security.web.FilterChainProxy$VirtualFilterChain.doFilter(FilterChainProxy.java:374) ~[spring-security-web-6.1.5.jar:6.1.5]
	at org.springframework.security.web.header.HeaderWriterFilter.doHeadersAfter(HeaderWriterFilter.java:90) ~[spring-security-web-6.1.5.jar:6.1.5]
	at org.springframework.security.web.header.HeaderWriterFilter.doFilterInternal(HeaderWriterFilter.java:75) ~[spring-security-web-6.1.5.jar:6.1.5]
	at org.springframework.web.filter.OncePerRequestFilter.doFilter(OncePerRequestFilter.java:116) ~[spring-web-6.0.13.jar:6.0.13]
	at org.springframework.security.web.FilterChainProxy$VirtualFilterChain.doFilter(FilterChainProxy.java:374) ~[spring-security-web-6.1.5.jar:6.1.5]
	at org.springframework.security.web.context.SecurityContextHolderFilter.doFilter(SecurityContextHolderFilter.java:82) ~[spring-security-web-6.1.5.jar:6.1.5]
	at org.springframework.security.web.context.SecurityContextHolderFilter.doFilter(SecurityContextHolderFilter.java:69) ~[spring-security-web-6.1.5.jar:6.1.5]
	at org.springframework.security.web.FilterChainProxy$VirtualFilterChain.doFilter(FilterChainProxy.java:374) ~[spring-security-web-6.1.5.jar:6.1.5]
	at org.springframework.security.web.context.request.async.WebAsyncManagerIntegrationFilter.doFilterInternal(WebAsyncManagerIntegrationFilter.java:62) ~[spring-security-web-6.1.5.jar:6.1.5]
	at org.springframework.web.filter.OncePerRequestFilter.doFilter(OncePerRequestFilter.java:116) ~[spring-web-6.0.13.jar:6.0.13]
	at org.springframework.security.web.FilterChainProxy$VirtualFilterChain.doFilter(FilterChainProxy.java:374) ~[spring-security-web-6.1.5.jar:6.1.5]
	at org.springframework.security.web.session.DisableEncodeUrlFilter.doFilterInternal(DisableEncodeUrlFilter.java:42) ~[spring-security-web-6.1.5.jar:6.1.5]
	at org.springframework.web.filter.OncePerRequestFilter.doFilter(OncePerRequestFilter.java:116) ~[spring-web-6.0.13.jar:6.0.13]
	at org.springframework.security.web.FilterChainProxy$VirtualFilterChain.doFilter(FilterChainProxy.java:374) ~[spring-security-web-6.1.5.jar:6.1.5]
	at org.springframework.security.web.FilterChainProxy.doFilterInternal(FilterChainProxy.java:233) ~[spring-security-web-6.1.5.jar:6.1.5]
	at org.springframework.security.web.FilterChainProxy.doFilter(FilterChainProxy.java:191) ~[spring-security-web-6.1.5.jar:6.1.5]
	at org.springframework.web.filter.DelegatingFilterProxy.invokeDelegate(DelegatingFilterProxy.java:352) ~[spring-web-6.0.13.jar:6.0.13]
	at org.springframework.web.filter.DelegatingFilterProxy.doFilter(DelegatingFilterProxy.java:268) ~[spring-web-6.0.13.jar:6.0.13]
	at org.apache.catalina.core.ApplicationFilterChain.internalDoFilter(ApplicationFilterChain.java:174) ~[tomcat-embed-core-10.1.15.jar:10.1.15]
	at org.apache.catalina.core.ApplicationFilterChain.doFilter(ApplicationFilterChain.java:149) ~[tomcat-embed-core-10.1.15.jar:10.1.15]
	at org.springframework.web.filter.RequestContextFilter.doFilterInternal(RequestContextFilter.java:100) ~[spring-web-6.0.13.jar:6.0.13]
	at org.springframework.web.filter.OncePerRequestFilter.doFilter(OncePerRequestFilter.java:116) ~[spring-web-6.0.13.jar:6.0.13]
	at org.apache.catalina.core.ApplicationFilterChain.internalDoFilter(ApplicationFilterChain.java:174) ~[tomcat-embed-core-10.1.15.jar:10.1.15]
	at org.apache.catalina.core.ApplicationFilterChain.doFilter(ApplicationFilterChain.java:149) ~[tomcat-embed-core-10.1.15.jar:10.1.15]
	at org.springframework.web.filter.FormContentFilter.doFilterInternal(FormContentFilter.java:93) ~[spring-web-6.0.13.jar:6.0.13]
	at org.springframework.web.filter.OncePerRequestFilter.doFilter(OncePerRequestFilter.java:116) ~[spring-web-6.0.13.jar:6.0.13]
	at org.apache.catalina.core.ApplicationFilterChain.internalDoFilter(ApplicationFilterChain.java:174) ~[tomcat-embed-core-10.1.15.jar:10.1.15]
	at org.apache.catalina.core.ApplicationFilterChain.doFilter(ApplicationFilterChain.java:149) ~[tomcat-embed-core-10.1.15.jar:10.1.15]
	at org.springframework.web.filter.CharacterEncodingFilter.doFilterInternal(CharacterEncodingFilter.java:201) ~[spring-web-6.0.13.jar:6.0.13]
	at org.springframework.web.filter.OncePerRequestFilter.doFilter(OncePerRequestFilter.java:116) ~[spring-web-6.0.13.jar:6.0.13]
	at org.apache.catalina.core.ApplicationFilterChain.internalDoFilter(ApplicationFilterChain.java:174) ~[tomcat-embed-core-10.1.15.jar:10.1.15]
	at org.apache.catalina.core.ApplicationFilterChain.doFilter(ApplicationFilterChain.java:149) ~[tomcat-embed-core-10.1.15.jar:10.1.15]
	at org.apache.catalina.core.StandardWrapperValve.invoke(StandardWrapperValve.java:167) ~[tomcat-embed-core-10.1.15.jar:10.1.15]
	at org.apache.catalina.core.StandardContextValve.invoke(StandardContextValve.java:90) ~[tomcat-embed-core-10.1.15.jar:10.1.15]
	at org.apache.catalina.authenticator.AuthenticatorBase.invoke(AuthenticatorBase.java:482) ~[tomcat-embed-core-10.1.15.jar:10.1.15]
	at org.apache.catalina.core.StandardHostValve.invoke(StandardHostValve.java:115) ~[tomcat-embed-core-10.1.15.jar:10.1.15]
	at org.apache.catalina.valves.ErrorReportValve.invoke(ErrorReportValve.java:93) ~[tomcat-embed-core-10.1.15.jar:10.1.15]
	at org.apache.catalina.core.StandardEngineValve.invoke(StandardEngineValve.java:74) ~[tomcat-embed-core-10.1.15.jar:10.1.15]
	at org.apache.catalina.connector.CoyoteAdapter.service(CoyoteAdapter.java:340) ~[tomcat-embed-core-10.1.15.jar:10.1.15]
	at org.apache.coyote.http11.Http11Processor.service(Http11Processor.java:391) ~[tomcat-embed-core-10.1.15.jar:10.1.15]
	at org.apache.coyote.AbstractProcessorLight.process(AbstractProcessorLight.java:63) ~[tomcat-embed-core-10.1.15.jar:10.1.15]
	at org.apache.coyote.AbstractProtocol$ConnectionHandler.process(AbstractProtocol.java:896) ~[tomcat-embed-core-10.1.15.jar:10.1.15]
	at org.apache.tomcat.util.net.NioEndpoint$SocketProcessor.doRun(NioEndpoint.java:1744) ~[tomcat-embed-core-10.1.15.jar:10.1.15]
	at org.apache.tomcat.util.net.SocketProcessorBase.run(SocketProcessorBase.java:52) ~[tomcat-embed-core-10.1.15.jar:10.1.15]
	at org.apache.tomcat.util.threads.ThreadPoolExecutor.runWorker(ThreadPoolExecutor.java:1191) ~[tomcat-embed-core-10.1.15.jar:10.1.15]
	at org.apache.tomcat.util.threads.ThreadPoolExecutor$Worker.run(ThreadPoolExecutor.java:659) ~[tomcat-embed-core-10.1.15.jar:10.1.15]
	at org.apache.tomcat.util.threads.TaskThread$WrappingRunnable.run(TaskThread.java:61) ~[tomcat-embed-core-10.1.15.jar:10.1.15]
	at java.lang.Thread.run(Thread.java:1575) [?:?]
